!SESSION 2017-03-04 13:32:00.434 -----------------------------------------------
eclipse.buildId=4.6.0.I20160606-1100
java.version=1.8.0_112
java.vendor=Oracle Corporation
BootLoader constants: OS=win32, ARCH=x86, WS=win32, NL=en_US
Framework arguments:  -product com.ti.ccstudio.branding.product
Command-line arguments:  -os win32 -ws win32 -arch x86 -product com.ti.ccstudio.branding.product

This is a continuation of log file C:\Users\RathK\Dropbox\Rummarino\Rumarino-2016-2017\.metadata\.bak_0.log
Created Time: 2017-03-04 16:58:30.529

!ENTRY org.eclipse.cdt.core 4 0 2017-03-04 16:58:30.529
!MESSAGE Error
!STACK 0
java.nio.channels.ClosedByInterruptException
	at java.nio.channels.spi.AbstractInterruptibleChannel.end(AbstractInterruptibleChannel.java:202)
	at sun.nio.ch.FileChannelImpl.size(FileChannelImpl.java:315)
	at org.eclipse.cdt.internal.core.parser.scanner.FileCharArray.create(FileCharArray.java:44)
	at org.eclipse.cdt.internal.core.parser.InternalParserUtil.createFileContent(InternalParserUtil.java:241)
	at org.eclipse.cdt.internal.core.parser.InternalParserUtil.createExternalFileContent(InternalParserUtil.java:224)
	at org.eclipse.cdt.core.parser.FileContent.createForExternalFileLocation(FileContent.java:129)
	at org.eclipse.cdt.core.parser.FileContent.createForExternalFileLocation(FileContent.java:121)
	at org.eclipse.cdt.internal.core.parser.SavedFilesProvider.getContentForInclusion(SavedFilesProvider.java:37)
	at org.eclipse.cdt.internal.core.parser.scanner.CPreprocessor$1.checkFile(CPreprocessor.java:164)
	at org.eclipse.cdt.internal.core.parser.scanner.CPreprocessor$1.checkFile(CPreprocessor.java:1)
	at org.eclipse.cdt.internal.core.parser.scanner.CPreprocessor.findInclusion(CPreprocessor.java:1200)
	at org.eclipse.cdt.internal.core.parser.scanner.CPreprocessor.executeInclude(CPreprocessor.java:1578)
	at org.eclipse.cdt.internal.core.parser.scanner.CPreprocessor.executeDirective(CPreprocessor.java:1354)
	at org.eclipse.cdt.internal.core.parser.scanner.CPreprocessor.internalFetchToken(CPreprocessor.java:942)
	at org.eclipse.cdt.internal.core.parser.scanner.CPreprocessor.fetchToken(CPreprocessor.java:641)
	at org.eclipse.cdt.internal.core.parser.scanner.CPreprocessor.nextToken(CPreprocessor.java:738)
	at org.eclipse.cdt.internal.core.dom.parser.AbstractGNUSourceCodeParser.fetchToken(AbstractGNUSourceCodeParser.java:283)
	at org.eclipse.cdt.internal.core.dom.parser.AbstractGNUSourceCodeParser.nextToken(AbstractGNUSourceCodeParser.java:307)
	at org.eclipse.cdt.internal.core.dom.parser.AbstractGNUSourceCodeParser.acceptInactiveCodeBoundary(AbstractGNUSourceCodeParser.java:368)
	at org.eclipse.cdt.internal.core.dom.parser.AbstractGNUSourceCodeParser.declarationList(AbstractGNUSourceCodeParser.java:1339)
	at org.eclipse.cdt.internal.core.dom.parser.AbstractGNUSourceCodeParser.parseTranslationUnit(AbstractGNUSourceCodeParser.java:1312)
	at org.eclipse.cdt.internal.core.dom.parser.AbstractGNUSourceCodeParser.translationUnit(AbstractGNUSourceCodeParser.java:1307)
	at org.eclipse.cdt.internal.core.dom.parser.AbstractGNUSourceCodeParser.parse(AbstractGNUSourceCodeParser.java:664)
	at org.eclipse.cdt.core.dom.parser.AbstractCLikeLanguage.getASTTranslationUnit(AbstractCLikeLanguage.java:167)
	at org.eclipse.cdt.internal.core.model.TranslationUnit.getAST(TranslationUnit.java:876)
	at org.eclipse.cdt.internal.core.model.TranslationUnit.getAST(TranslationUnit.java:826)
	at sun.reflect.NativeMethodAccessorImpl.invoke0(Native Method)
	at sun.reflect.NativeMethodAccessorImpl.invoke(NativeMethodAccessorImpl.java:62)
	at sun.reflect.DelegatingMethodAccessorImpl.invoke(DelegatingMethodAccessorImpl.java:43)
	at java.lang.reflect.Method.invoke(Method.java:498)
	at org.eclipse.rtsc.xdctools.ui.contentassist.RTSCHelpProvider.getFunctionSummaries(Unknown Source)
	at org.eclipse.rtsc.xdctools.ui.contentassist.RTSCHelpProvider.getFunctionInfo(Unknown Source)
	at org.eclipse.rtsc.xdctools.ui.contentassist.RTSCHelpProvider.getFunctionInfo(Unknown Source)
	at org.eclipse.cdt.internal.ui.text.CHelpSettings.getFunctionInfo(CHelpSettings.java:121)
	at org.eclipse.cdt.internal.ui.CHelpProviderManager.getFunctionInfo(CHelpProviderManager.java:163)
	at org.eclipse.cdt.internal.ui.text.c.hover.CDocHover.getHoverInfo(CDocHover.java:86)
	at org.eclipse.cdt.internal.ui.text.c.hover.AbstractCEditorTextHover.getHoverInfo2(AbstractCEditorTextHover.java:84)
	at org.eclipse.cdt.internal.ui.text.c.hover.BestMatchHover.getHoverInfo2(BestMatchHover.java:144)
	at org.eclipse.cdt.internal.ui.text.c.hover.CEditorTextHoverProxy.getHoverInfo2(CEditorTextHoverProxy.java:84)
	at org.eclipse.jface.text.TextViewerHoverManager$4.run(TextViewerHoverManager.java:165)

!ENTRY org.eclipse.cdt.core 4 0 2017-03-04 16:58:30.544
!MESSAGE Error
!STACK 0
java.nio.channels.ClosedByInterruptException
	at java.nio.channels.spi.AbstractInterruptibleChannel.end(AbstractInterruptibleChannel.java:202)
	at sun.nio.ch.FileChannelImpl.size(FileChannelImpl.java:315)
	at org.eclipse.cdt.internal.core.parser.scanner.FileCharArray.create(FileCharArray.java:44)
	at org.eclipse.cdt.internal.core.parser.InternalParserUtil.createFileContent(InternalParserUtil.java:241)
	at org.eclipse.cdt.internal.core.parser.InternalParserUtil.createExternalFileContent(InternalParserUtil.java:224)
	at org.eclipse.cdt.core.parser.FileContent.createForExternalFileLocation(FileContent.java:129)
	at org.eclipse.cdt.core.parser.FileContent.createForExternalFileLocation(FileContent.java:121)
	at org.eclipse.cdt.internal.core.parser.SavedFilesProvider.getContentForInclusion(SavedFilesProvider.java:37)
	at org.eclipse.cdt.internal.core.parser.scanner.CPreprocessor$1.checkFile(CPreprocessor.java:164)
	at org.eclipse.cdt.internal.core.parser.scanner.CPreprocessor$1.checkFile(CPreprocessor.java:1)
	at org.eclipse.cdt.internal.core.parser.scanner.CPreprocessor.findInclusion(CPreprocessor.java:1231)
	at org.eclipse.cdt.internal.core.parser.scanner.CPreprocessor.executeInclude(CPreprocessor.java:1578)
	at org.eclipse.cdt.internal.core.parser.scanner.CPreprocessor.executeDirective(CPreprocessor.java:1354)
	at org.eclipse.cdt.internal.core.parser.scanner.CPreprocessor.internalFetchToken(CPreprocessor.java:942)
	at org.eclipse.cdt.internal.core.parser.scanner.CPreprocessor.fetchToken(CPreprocessor.java:641)
	at org.eclipse.cdt.internal.core.parser.scanner.CPreprocessor.nextToken(CPreprocessor.java:738)
	at org.eclipse.cdt.internal.core.dom.parser.AbstractGNUSourceCodeParser.fetchToken(AbstractGNUSourceCodeParser.java:283)
	at org.eclipse.cdt.internal.core.dom.parser.AbstractGNUSourceCodeParser.nextToken(AbstractGNUSourceCodeParser.java:307)
	at org.eclipse.cdt.internal.core.dom.parser.AbstractGNUSourceCodeParser.acceptInactiveCodeBoundary(AbstractGNUSourceCodeParser.java:368)
	at org.eclipse.cdt.internal.core.dom.parser.AbstractGNUSourceCodeParser.declarationList(AbstractGNUSourceCodeParser.java:1339)
	at org.eclipse.cdt.internal.core.dom.parser.AbstractGNUSourceCodeParser.parseTranslationUnit(AbstractGNUSourceCodeParser.java:1312)
	at org.eclipse.cdt.internal.core.dom.parser.AbstractGNUSourceCodeParser.translationUnit(AbstractGNUSourceCodeParser.java:1307)
	at org.eclipse.cdt.internal.core.dom.parser.AbstractGNUSourceCodeParser.parse(AbstractGNUSourceCodeParser.java:664)
	at org.eclipse.cdt.core.dom.parser.AbstractCLikeLanguage.getASTTranslationUnit(AbstractCLikeLanguage.java:167)
	at org.eclipse.cdt.internal.core.model.TranslationUnit.getAST(TranslationUnit.java:876)
	at org.eclipse.cdt.internal.core.model.TranslationUnit.getAST(TranslationUnit.java:826)
	at sun.reflect.NativeMethodAccessorImpl.invoke0(Native Method)
	at sun.reflect.NativeMethodAccessorImpl.invoke(NativeMethodAccessorImpl.java:62)
	at sun.reflect.DelegatingMethodAccessorImpl.invoke(DelegatingMethodAccessorImpl.java:43)
	at java.lang.reflect.Method.invoke(Method.java:498)
	at org.eclipse.rtsc.xdctools.ui.contentassist.RTSCHelpProvider.getFunctionSummaries(Unknown Source)
	at org.eclipse.rtsc.xdctools.ui.contentassist.RTSCHelpProvider.getFunctionInfo(Unknown Source)
	at org.eclipse.rtsc.xdctools.ui.contentassist.RTSCHelpProvider.getFunctionInfo(Unknown Source)
	at org.eclipse.cdt.internal.ui.text.CHelpSettings.getFunctionInfo(CHelpSettings.java:121)
	at org.eclipse.cdt.internal.ui.CHelpProviderManager.getFunctionInfo(CHelpProviderManager.java:163)
	at org.eclipse.cdt.internal.ui.text.c.hover.CDocHover.getHoverInfo(CDocHover.java:86)
	at org.eclipse.cdt.internal.ui.text.c.hover.AbstractCEditorTextHover.getHoverInfo2(AbstractCEditorTextHover.java:84)
	at org.eclipse.cdt.internal.ui.text.c.hover.BestMatchHover.getHoverInfo2(BestMatchHover.java:144)
	at org.eclipse.cdt.internal.ui.text.c.hover.CEditorTextHoverProxy.getHoverInfo2(CEditorTextHoverProxy.java:84)
	at org.eclipse.jface.text.TextViewerHoverManager$4.run(TextViewerHoverManager.java:165)

!ENTRY org.eclipse.cdt.core 4 0 2017-03-04 16:58:30.544
!MESSAGE Error
!STACK 0
java.nio.channels.ClosedByInterruptException
	at java.nio.channels.spi.AbstractInterruptibleChannel.end(AbstractInterruptibleChannel.java:202)
	at sun.nio.ch.FileChannelImpl.size(FileChannelImpl.java:315)
	at org.eclipse.cdt.internal.core.parser.scanner.FileCharArray.create(FileCharArray.java:44)
	at org.eclipse.cdt.internal.core.parser.InternalParserUtil.createFileContent(InternalParserUtil.java:241)
	at org.eclipse.cdt.internal.core.parser.InternalParserUtil.createExternalFileContent(InternalParserUtil.java:224)
	at org.eclipse.cdt.core.parser.FileContent.createForExternalFileLocation(FileContent.java:129)
	at org.eclipse.cdt.core.parser.FileContent.createForExternalFileLocation(FileContent.java:121)
	at org.eclipse.cdt.internal.core.parser.SavedFilesProvider.getContentForInclusion(SavedFilesProvider.java:37)
	at org.eclipse.cdt.internal.core.parser.scanner.CPreprocessor$1.checkFile(CPreprocessor.java:164)
	at org.eclipse.cdt.internal.core.parser.scanner.CPreprocessor$1.checkFile(CPreprocessor.java:1)
	at org.eclipse.cdt.internal.core.parser.scanner.CPreprocessor.findInclusion(CPreprocessor.java:1231)
	at org.eclipse.cdt.internal.core.parser.scanner.CPreprocessor.executeInclude(CPreprocessor.java:1578)
	at org.eclipse.cdt.internal.core.parser.scanner.CPreprocessor.executeDirective(CPreprocessor.java:1354)
	at org.eclipse.cdt.internal.core.parser.scanner.CPreprocessor.internalFetchToken(CPreprocessor.java:942)
	at org.eclipse.cdt.internal.core.parser.scanner.CPreprocessor.fetchToken(CPreprocessor.java:641)
	at org.eclipse.cdt.internal.core.parser.scanner.CPreprocessor.nextToken(CPreprocessor.java:738)
	at org.eclipse.cdt.internal.core.dom.parser.AbstractGNUSourceCodeParser.fetchToken(AbstractGNUSourceCodeParser.java:283)
	at org.eclipse.cdt.internal.core.dom.parser.AbstractGNUSourceCodeParser.nextToken(AbstractGNUSourceCodeParser.java:307)
	at org.eclipse.cdt.internal.core.dom.parser.AbstractGNUSourceCodeParser.acceptInactiveCodeBoundary(AbstractGNUSourceCodeParser.java:368)
	at org.eclipse.cdt.internal.core.dom.parser.AbstractGNUSourceCodeParser.declarationList(AbstractGNUSourceCodeParser.java:1339)
	at org.eclipse.cdt.internal.core.dom.parser.AbstractGNUSourceCodeParser.parseTranslationUnit(AbstractGNUSourceCodeParser.java:1312)
	at org.eclipse.cdt.internal.core.dom.parser.AbstractGNUSourceCodeParser.translationUnit(AbstractGNUSourceCodeParser.java:1307)
	at org.eclipse.cdt.internal.core.dom.parser.AbstractGNUSourceCodeParser.parse(AbstractGNUSourceCodeParser.java:664)
	at org.eclipse.cdt.core.dom.parser.AbstractCLikeLanguage.getASTTranslationUnit(AbstractCLikeLanguage.java:167)
	at org.eclipse.cdt.internal.core.model.TranslationUnit.getAST(TranslationUnit.java:876)
	at org.eclipse.cdt.internal.core.model.TranslationUnit.getAST(TranslationUnit.java:826)
	at sun.reflect.NativeMethodAccessorImpl.invoke0(Native Method)
	at sun.reflect.NativeMethodAccessorImpl.invoke(NativeMethodAccessorImpl.java:62)
	at sun.reflect.DelegatingMethodAccessorImpl.invoke(DelegatingMethodAccessorImpl.java:43)
	at java.lang.reflect.Method.invoke(Method.java:498)
	at org.eclipse.rtsc.xdctools.ui.contentassist.RTSCHelpProvider.getFunctionSummaries(Unknown Source)
	at org.eclipse.rtsc.xdctools.ui.contentassist.RTSCHelpProvider.getFunctionInfo(Unknown Source)
	at org.eclipse.rtsc.xdctools.ui.contentassist.RTSCHelpProvider.getFunctionInfo(Unknown Source)
	at org.eclipse.cdt.internal.ui.text.CHelpSettings.getFunctionInfo(CHelpSettings.java:121)
	at org.eclipse.cdt.internal.ui.CHelpProviderManager.getFunctionInfo(CHelpProviderManager.java:163)
	at org.eclipse.cdt.internal.ui.text.c.hover.CDocHover.getHoverInfo(CDocHover.java:86)
	at org.eclipse.cdt.internal.ui.text.c.hover.AbstractCEditorTextHover.getHoverInfo2(AbstractCEditorTextHover.java:84)
	at org.eclipse.cdt.internal.ui.text.c.hover.BestMatchHover.getHoverInfo2(BestMatchHover.java:144)
	at org.eclipse.cdt.internal.ui.text.c.hover.CEditorTextHoverProxy.getHoverInfo2(CEditorTextHoverProxy.java:84)
	at org.eclipse.jface.text.TextViewerHoverManager$4.run(TextViewerHoverManager.java:165)

!ENTRY org.eclipse.cdt.core 4 0 2017-03-04 16:58:30.576
!MESSAGE Error
!STACK 0
java.nio.channels.ClosedByInterruptException
	at java.nio.channels.spi.AbstractInterruptibleChannel.end(AbstractInterruptibleChannel.java:202)
	at sun.nio.ch.FileChannelImpl.size(FileChannelImpl.java:315)
	at org.eclipse.cdt.internal.core.parser.scanner.FileCharArray.create(FileCharArray.java:44)
	at org.eclipse.cdt.internal.core.parser.InternalParserUtil.createFileContent(InternalParserUtil.java:241)
	at org.eclipse.cdt.internal.core.parser.InternalParserUtil.createWorkspaceFileContent(InternalParserUtil.java:164)
	at org.eclipse.cdt.core.parser.FileContent.create(FileContent.java:117)
	at org.eclipse.cdt.internal.core.parser.SavedFilesProvider.getContentForInclusion(SavedFilesProvider.java:35)
	at org.eclipse.cdt.internal.core.parser.scanner.CPreprocessor$1.checkFile(CPreprocessor.java:164)
	at org.eclipse.cdt.internal.core.parser.scanner.CPreprocessor$1.checkFile(CPreprocessor.java:1)
	at org.eclipse.cdt.internal.core.parser.scanner.CPreprocessor.findInclusion(CPreprocessor.java:1200)
	at org.eclipse.cdt.internal.core.parser.scanner.CPreprocessor.executeInclude(CPreprocessor.java:1578)
	at org.eclipse.cdt.internal.core.parser.scanner.CPreprocessor.executeDirective(CPreprocessor.java:1354)
	at org.eclipse.cdt.internal.core.parser.scanner.CPreprocessor.internalFetchToken(CPreprocessor.java:942)
	at org.eclipse.cdt.internal.core.parser.scanner.CPreprocessor.fetchToken(CPreprocessor.java:641)
	at org.eclipse.cdt.internal.core.parser.scanner.CPreprocessor.nextToken(CPreprocessor.java:738)
	at org.eclipse.cdt.internal.core.dom.parser.AbstractGNUSourceCodeParser.fetchToken(AbstractGNUSourceCodeParser.java:283)
	at org.eclipse.cdt.internal.core.dom.parser.AbstractGNUSourceCodeParser.nextToken(AbstractGNUSourceCodeParser.java:307)
	at org.eclipse.cdt.internal.core.dom.parser.AbstractGNUSourceCodeParser.acceptInactiveCodeBoundary(AbstractGNUSourceCodeParser.java:368)
	at org.eclipse.cdt.internal.core.dom.parser.AbstractGNUSourceCodeParser.declarationList(AbstractGNUSourceCodeParser.java:1339)
	at org.eclipse.cdt.internal.core.dom.parser.AbstractGNUSourceCodeParser.parseTranslationUnit(AbstractGNUSourceCodeParser.java:1312)
	at org.eclipse.cdt.internal.core.dom.parser.AbstractGNUSourceCodeParser.translationUnit(AbstractGNUSourceCodeParser.java:1307)
	at org.eclipse.cdt.internal.core.dom.parser.AbstractGNUSourceCodeParser.parse(AbstractGNUSourceCodeParser.java:664)
	at org.eclipse.cdt.core.dom.parser.AbstractCLikeLanguage.getASTTranslationUnit(AbstractCLikeLanguage.java:167)
	at org.eclipse.cdt.internal.core.model.TranslationUnit.getAST(TranslationUnit.java:876)
	at org.eclipse.cdt.internal.core.model.TranslationUnit.getAST(TranslationUnit.java:826)
	at sun.reflect.NativeMethodAccessorImpl.invoke0(Native Method)
	at sun.reflect.NativeMethodAccessorImpl.invoke(NativeMethodAccessorImpl.java:62)
	at sun.reflect.DelegatingMethodAccessorImpl.invoke(DelegatingMethodAccessorImpl.java:43)
	at java.lang.reflect.Method.invoke(Method.java:498)
	at org.eclipse.rtsc.xdctools.ui.contentassist.RTSCHelpProvider.getFunctionSummaries(Unknown Source)
	at org.eclipse.rtsc.xdctools.ui.contentassist.RTSCHelpProvider.getFunctionInfo(Unknown Source)
	at org.eclipse.rtsc.xdctools.ui.contentassist.RTSCHelpProvider.getFunctionInfo(Unknown Source)
	at org.eclipse.cdt.internal.ui.text.CHelpSettings.getFunctionInfo(CHelpSettings.java:121)
	at org.eclipse.cdt.internal.ui.CHelpProviderManager.getFunctionInfo(CHelpProviderManager.java:163)
	at org.eclipse.cdt.internal.ui.text.c.hover.CDocHover.getHoverInfo(CDocHover.java:86)
	at org.eclipse.cdt.internal.ui.text.c.hover.AbstractCEditorTextHover.getHoverInfo2(AbstractCEditorTextHover.java:84)
	at org.eclipse.cdt.internal.ui.text.c.hover.BestMatchHover.getHoverInfo2(BestMatchHover.java:144)
	at org.eclipse.cdt.internal.ui.text.c.hover.CEditorTextHoverProxy.getHoverInfo2(CEditorTextHoverProxy.java:84)
	at org.eclipse.jface.text.TextViewerHoverManager$4.run(TextViewerHoverManager.java:165)

!ENTRY org.eclipse.cdt.core 4 0 2017-03-04 16:58:30.591
!MESSAGE Error
!STACK 0
java.nio.channels.ClosedByInterruptException
	at java.nio.channels.spi.AbstractInterruptibleChannel.end(AbstractInterruptibleChannel.java:202)
	at sun.nio.ch.FileChannelImpl.size(FileChannelImpl.java:315)
	at org.eclipse.cdt.internal.core.parser.scanner.FileCharArray.create(FileCharArray.java:44)
	at org.eclipse.cdt.internal.core.parser.InternalParserUtil.createFileContent(InternalParserUtil.java:241)
	at org.eclipse.cdt.internal.core.parser.InternalParserUtil.createWorkspaceFileContent(InternalParserUtil.java:164)
	at org.eclipse.cdt.core.parser.FileContent.create(FileContent.java:117)
	at org.eclipse.cdt.internal.core.parser.SavedFilesProvider.getContentForInclusion(SavedFilesProvider.java:35)
	at org.eclipse.cdt.internal.core.parser.scanner.CPreprocessor$1.checkFile(CPreprocessor.java:164)
	at org.eclipse.cdt.internal.core.parser.scanner.CPreprocessor$1.checkFile(CPreprocessor.java:1)
	at org.eclipse.cdt.internal.core.parser.scanner.CPreprocessor.findInclusion(CPreprocessor.java:1241)
	at org.eclipse.cdt.internal.core.parser.scanner.CPreprocessor.executeInclude(CPreprocessor.java:1578)
	at org.eclipse.cdt.internal.core.parser.scanner.CPreprocessor.executeDirective(CPreprocessor.java:1354)
	at org.eclipse.cdt.internal.core.parser.scanner.CPreprocessor.internalFetchToken(CPreprocessor.java:942)
	at org.eclipse.cdt.internal.core.parser.scanner.CPreprocessor.fetchToken(CPreprocessor.java:641)
	at org.eclipse.cdt.internal.core.parser.scanner.CPreprocessor.nextToken(CPreprocessor.java:738)
	at org.eclipse.cdt.internal.core.dom.parser.AbstractGNUSourceCodeParser.fetchToken(AbstractGNUSourceCodeParser.java:283)
	at org.eclipse.cdt.internal.core.dom.parser.AbstractGNUSourceCodeParser.nextToken(AbstractGNUSourceCodeParser.java:307)
	at org.eclipse.cdt.internal.core.dom.parser.AbstractGNUSourceCodeParser.acceptInactiveCodeBoundary(AbstractGNUSourceCodeParser.java:368)
	at org.eclipse.cdt.internal.core.dom.parser.AbstractGNUSourceCodeParser.declarationList(AbstractGNUSourceCodeParser.java:1339)
	at org.eclipse.cdt.internal.core.dom.parser.AbstractGNUSourceCodeParser.parseTranslationUnit(AbstractGNUSourceCodeParser.java:1312)
	at org.eclipse.cdt.internal.core.dom.parser.AbstractGNUSourceCodeParser.translationUnit(AbstractGNUSourceCodeParser.java:1307)
	at org.eclipse.cdt.internal.core.dom.parser.AbstractGNUSourceCodeParser.parse(AbstractGNUSourceCodeParser.java:664)
	at org.eclipse.cdt.core.dom.parser.AbstractCLikeLanguage.getASTTranslationUnit(AbstractCLikeLanguage.java:167)
	at org.eclipse.cdt.internal.core.model.TranslationUnit.getAST(TranslationUnit.java:876)
	at org.eclipse.cdt.internal.core.model.TranslationUnit.getAST(TranslationUnit.java:826)
	at sun.reflect.NativeMethodAccessorImpl.invoke0(Native Method)
	at sun.reflect.NativeMethodAccessorImpl.invoke(NativeMethodAccessorImpl.java:62)
	at sun.reflect.DelegatingMethodAccessorImpl.invoke(DelegatingMethodAccessorImpl.java:43)
	at java.lang.reflect.Method.invoke(Method.java:498)
	at org.eclipse.rtsc.xdctools.ui.contentassist.RTSCHelpProvider.getFunctionSummaries(Unknown Source)
	at org.eclipse.rtsc.xdctools.ui.contentassist.RTSCHelpProvider.getFunctionInfo(Unknown Source)
	at org.eclipse.rtsc.xdctools.ui.contentassist.RTSCHelpProvider.getFunctionInfo(Unknown Source)
	at org.eclipse.cdt.internal.ui.text.CHelpSettings.getFunctionInfo(CHelpSettings.java:121)
	at org.eclipse.cdt.internal.ui.CHelpProviderManager.getFunctionInfo(CHelpProviderManager.java:163)
	at org.eclipse.cdt.internal.ui.text.c.hover.CDocHover.getHoverInfo(CDocHover.java:86)
	at org.eclipse.cdt.internal.ui.text.c.hover.AbstractCEditorTextHover.getHoverInfo2(AbstractCEditorTextHover.java:84)
	at org.eclipse.cdt.internal.ui.text.c.hover.BestMatchHover.getHoverInfo2(BestMatchHover.java:144)
	at org.eclipse.cdt.internal.ui.text.c.hover.CEditorTextHoverProxy.getHoverInfo2(CEditorTextHoverProxy.java:84)
	at org.eclipse.jface.text.TextViewerHoverManager$4.run(TextViewerHoverManager.java:165)

!ENTRY org.eclipse.cdt.core 4 0 2017-03-04 16:58:30.591
!MESSAGE Error
!STACK 0
java.nio.channels.ClosedByInterruptException
	at java.nio.channels.spi.AbstractInterruptibleChannel.end(AbstractInterruptibleChannel.java:202)
	at sun.nio.ch.FileChannelImpl.size(FileChannelImpl.java:315)
	at org.eclipse.cdt.internal.core.parser.scanner.FileCharArray.create(FileCharArray.java:44)
	at org.eclipse.cdt.internal.core.parser.InternalParserUtil.createFileContent(InternalParserUtil.java:241)
	at org.eclipse.cdt.internal.core.parser.InternalParserUtil.createWorkspaceFileContent(InternalParserUtil.java:164)
	at org.eclipse.cdt.core.parser.FileContent.create(FileContent.java:117)
	at org.eclipse.cdt.internal.core.parser.SavedFilesProvider.getContentForInclusion(SavedFilesProvider.java:35)
	at org.eclipse.cdt.internal.core.parser.scanner.CPreprocessor$1.checkFile(CPreprocessor.java:164)
	at org.eclipse.cdt.internal.core.parser.scanner.CPreprocessor$1.checkFile(CPreprocessor.java:1)
	at org.eclipse.cdt.internal.core.parser.scanner.CPreprocessor.findInclusion(CPreprocessor.java:1200)
	at org.eclipse.cdt.internal.core.parser.scanner.CPreprocessor.executeInclude(CPreprocessor.java:1578)
	at org.eclipse.cdt.internal.core.parser.scanner.CPreprocessor.executeDirective(CPreprocessor.java:1354)
	at org.eclipse.cdt.internal.core.parser.scanner.CPreprocessor.internalFetchToken(CPreprocessor.java:942)
	at org.eclipse.cdt.internal.core.parser.scanner.CPreprocessor.fetchToken(CPreprocessor.java:641)
	at org.eclipse.cdt.internal.core.parser.scanner.CPreprocessor.nextToken(CPreprocessor.java:738)
	at org.eclipse.cdt.internal.core.dom.parser.AbstractGNUSourceCodeParser.fetchToken(AbstractGNUSourceCodeParser.java:283)
	at org.eclipse.cdt.internal.core.dom.parser.AbstractGNUSourceCodeParser.nextToken(AbstractGNUSourceCodeParser.java:307)
	at org.eclipse.cdt.internal.core.dom.parser.AbstractGNUSourceCodeParser.acceptInactiveCodeBoundary(AbstractGNUSourceCodeParser.java:368)
	at org.eclipse.cdt.internal.core.dom.parser.AbstractGNUSourceCodeParser.declarationList(AbstractGNUSourceCodeParser.java:1339)
	at org.eclipse.cdt.internal.core.dom.parser.AbstractGNUSourceCodeParser.parseTranslationUnit(AbstractGNUSourceCodeParser.java:1312)
	at org.eclipse.cdt.internal.core.dom.parser.AbstractGNUSourceCodeParser.translationUnit(AbstractGNUSourceCodeParser.java:1307)
	at org.eclipse.cdt.internal.core.dom.parser.AbstractGNUSourceCodeParser.parse(AbstractGNUSourceCodeParser.java:664)
	at org.eclipse.cdt.core.dom.parser.AbstractCLikeLanguage.getASTTranslationUnit(AbstractCLikeLanguage.java:167)
	at org.eclipse.cdt.internal.core.model.TranslationUnit.getAST(TranslationUnit.java:876)
	at org.eclipse.cdt.internal.core.model.TranslationUnit.getAST(TranslationUnit.java:826)
	at sun.reflect.NativeMethodAccessorImpl.invoke0(Native Method)
	at sun.reflect.NativeMethodAccessorImpl.invoke(NativeMethodAccessorImpl.java:62)
	at sun.reflect.DelegatingMethodAccessorImpl.invoke(DelegatingMethodAccessorImpl.java:43)
	at java.lang.reflect.Method.invoke(Method.java:498)
	at org.eclipse.rtsc.xdctools.ui.contentassist.RTSCHelpProvider.getFunctionSummaries(Unknown Source)
	at org.eclipse.rtsc.xdctools.ui.contentassist.RTSCHelpProvider.getFunctionInfo(Unknown Source)
	at org.eclipse.rtsc.xdctools.ui.contentassist.RTSCHelpProvider.getFunctionInfo(Unknown Source)
	at org.eclipse.cdt.internal.ui.text.CHelpSettings.getFunctionInfo(CHelpSettings.java:121)
	at org.eclipse.cdt.internal.ui.CHelpProviderManager.getFunctionInfo(CHelpProviderManager.java:163)
	at org.eclipse.cdt.internal.ui.text.c.hover.CDocHover.getHoverInfo(CDocHover.java:86)
	at org.eclipse.cdt.internal.ui.text.c.hover.AbstractCEditorTextHover.getHoverInfo2(AbstractCEditorTextHover.java:84)
	at org.eclipse.cdt.internal.ui.text.c.hover.BestMatchHover.getHoverInfo2(BestMatchHover.java:144)
	at org.eclipse.cdt.internal.ui.text.c.hover.CEditorTextHoverProxy.getHoverInfo2(CEditorTextHoverProxy.java:84)
	at org.eclipse.jface.text.TextViewerHoverManager$4.run(TextViewerHoverManager.java:165)

!ENTRY org.eclipse.cdt.core 4 0 2017-03-04 16:58:30.607
!MESSAGE Error
!STACK 0
java.nio.channels.ClosedByInterruptException
	at java.nio.channels.spi.AbstractInterruptibleChannel.end(AbstractInterruptibleChannel.java:202)
	at sun.nio.ch.FileChannelImpl.size(FileChannelImpl.java:315)
	at org.eclipse.cdt.internal.core.parser.scanner.FileCharArray.create(FileCharArray.java:44)
	at org.eclipse.cdt.internal.core.parser.InternalParserUtil.createFileContent(InternalParserUtil.java:241)
	at org.eclipse.cdt.internal.core.parser.InternalParserUtil.createWorkspaceFileContent(InternalParserUtil.java:164)
	at org.eclipse.cdt.core.parser.FileContent.create(FileContent.java:117)
	at org.eclipse.cdt.internal.core.parser.SavedFilesProvider.getContentForInclusion(SavedFilesProvider.java:35)
	at org.eclipse.cdt.internal.core.parser.scanner.CPreprocessor$1.checkFile(CPreprocessor.java:164)
	at org.eclipse.cdt.internal.core.parser.scanner.CPreprocessor$1.checkFile(CPreprocessor.java:1)
	at org.eclipse.cdt.internal.core.parser.scanner.CPreprocessor.findInclusion(CPreprocessor.java:1241)
	at org.eclipse.cdt.internal.core.parser.scanner.CPreprocessor.executeInclude(CPreprocessor.java:1578)
	at org.eclipse.cdt.internal.core.parser.scanner.CPreprocessor.executeDirective(CPreprocessor.java:1354)
	at org.eclipse.cdt.internal.core.parser.scanner.CPreprocessor.internalFetchToken(CPreprocessor.java:942)
	at org.eclipse.cdt.internal.core.parser.scanner.CPreprocessor.fetchToken(CPreprocessor.java:641)
	at org.eclipse.cdt.internal.core.parser.scanner.CPreprocessor.nextToken(CPreprocessor.java:738)
	at org.eclipse.cdt.internal.core.dom.parser.AbstractGNUSourceCodeParser.fetchToken(AbstractGNUSourceCodeParser.java:283)
	at org.eclipse.cdt.internal.core.dom.parser.AbstractGNUSourceCodeParser.nextToken(AbstractGNUSourceCodeParser.java:307)
	at org.eclipse.cdt.internal.core.dom.parser.AbstractGNUSourceCodeParser.acceptInactiveCodeBoundary(AbstractGNUSourceCodeParser.java:368)
	at org.eclipse.cdt.internal.core.dom.parser.AbstractGNUSourceCodeParser.declarationList(AbstractGNUSourceCodeParser.java:1339)
	at org.eclipse.cdt.internal.core.dom.parser.AbstractGNUSourceCodeParser.parseTranslationUnit(AbstractGNUSourceCodeParser.java:1312)
	at org.eclipse.cdt.internal.core.dom.parser.AbstractGNUSourceCodeParser.translationUnit(AbstractGNUSourceCodeParser.java:1307)
	at org.eclipse.cdt.internal.core.dom.parser.AbstractGNUSourceCodeParser.parse(AbstractGNUSourceCodeParser.java:664)
	at org.eclipse.cdt.core.dom.parser.AbstractCLikeLanguage.getASTTranslationUnit(AbstractCLikeLanguage.java:167)
	at org.eclipse.cdt.internal.core.model.TranslationUnit.getAST(TranslationUnit.java:876)
	at org.eclipse.cdt.internal.core.model.TranslationUnit.getAST(TranslationUnit.java:826)
	at sun.reflect.NativeMethodAccessorImpl.invoke0(Native Method)
	at sun.reflect.NativeMethodAccessorImpl.invoke(NativeMethodAccessorImpl.java:62)
	at sun.reflect.DelegatingMethodAccessorImpl.invoke(DelegatingMethodAccessorImpl.java:43)
	at java.lang.reflect.Method.invoke(Method.java:498)
	at org.eclipse.rtsc.xdctools.ui.contentassist.RTSCHelpProvider.getFunctionSummaries(Unknown Source)
	at org.eclipse.rtsc.xdctools.ui.contentassist.RTSCHelpProvider.getFunctionInfo(Unknown Source)
	at org.eclipse.rtsc.xdctools.ui.contentassist.RTSCHelpProvider.getFunctionInfo(Unknown Source)
	at org.eclipse.cdt.internal.ui.text.CHelpSettings.getFunctionInfo(CHelpSettings.java:121)
	at org.eclipse.cdt.internal.ui.CHelpProviderManager.getFunctionInfo(CHelpProviderManager.java:163)
	at org.eclipse.cdt.internal.ui.text.c.hover.CDocHover.getHoverInfo(CDocHover.java:86)
	at org.eclipse.cdt.internal.ui.text.c.hover.AbstractCEditorTextHover.getHoverInfo2(AbstractCEditorTextHover.java:84)
	at org.eclipse.cdt.internal.ui.text.c.hover.BestMatchHover.getHoverInfo2(BestMatchHover.java:144)
	at org.eclipse.cdt.internal.ui.text.c.hover.CEditorTextHoverProxy.getHoverInfo2(CEditorTextHoverProxy.java:84)
	at org.eclipse.jface.text.TextViewerHoverManager$4.run(TextViewerHoverManager.java:165)

!ENTRY com.ti.ccstudio.debug 1 0 2017-03-04 17:14:45.872
!MESSAGE DS_ERROR: MSP430: GEL: Encountered a problem loading file: C:\Users\RathK\Dropbox\Rummarino\Rumarino-2016-2017\Serial_Interface_playground\Debug\Serial_Interface_playground.out Could not open file


!ENTRY org.eclipse.cdt.core 4 0 2017-03-04 17:28:11.842
!MESSAGE Error
!STACK 0
java.nio.channels.ClosedByInterruptException
	at java.nio.channels.spi.AbstractInterruptibleChannel.end(AbstractInterruptibleChannel.java:202)
	at sun.nio.ch.FileChannelImpl.size(FileChannelImpl.java:315)
	at org.eclipse.cdt.internal.core.parser.scanner.FileCharArray.create(FileCharArray.java:44)
	at org.eclipse.cdt.internal.core.parser.InternalParserUtil.createFileContent(InternalParserUtil.java:241)
	at org.eclipse.cdt.internal.core.parser.InternalParserUtil.createExternalFileContent(InternalParserUtil.java:224)
	at org.eclipse.cdt.core.parser.FileContent.createForExternalFileLocation(FileContent.java:129)
	at org.eclipse.cdt.core.parser.FileContent.createForExternalFileLocation(FileContent.java:121)
	at org.eclipse.cdt.internal.core.parser.SavedFilesProvider.getContentForInclusion(SavedFilesProvider.java:37)
	at org.eclipse.cdt.internal.core.parser.scanner.CPreprocessor$1.checkFile(CPreprocessor.java:164)
	at org.eclipse.cdt.internal.core.parser.scanner.CPreprocessor$1.checkFile(CPreprocessor.java:1)
	at org.eclipse.cdt.internal.core.parser.scanner.CPreprocessor.findInclusion(CPreprocessor.java:1231)
	at org.eclipse.cdt.internal.core.parser.scanner.CPreprocessor.executeInclude(CPreprocessor.java:1578)
	at org.eclipse.cdt.internal.core.parser.scanner.CPreprocessor.executeDirective(CPreprocessor.java:1354)
	at org.eclipse.cdt.internal.core.parser.scanner.CPreprocessor.internalFetchToken(CPreprocessor.java:942)
	at org.eclipse.cdt.internal.core.parser.scanner.CPreprocessor.fetchToken(CPreprocessor.java:641)
	at org.eclipse.cdt.internal.core.parser.scanner.CPreprocessor.nextToken(CPreprocessor.java:738)
	at org.eclipse.cdt.internal.core.dom.parser.AbstractGNUSourceCodeParser.fetchToken(AbstractGNUSourceCodeParser.java:283)
	at org.eclipse.cdt.internal.core.dom.parser.AbstractGNUSourceCodeParser.nextToken(AbstractGNUSourceCodeParser.java:307)
	at org.eclipse.cdt.internal.core.dom.parser.AbstractGNUSourceCodeParser.acceptInactiveCodeBoundary(AbstractGNUSourceCodeParser.java:368)
	at org.eclipse.cdt.internal.core.dom.parser.AbstractGNUSourceCodeParser.declarationList(AbstractGNUSourceCodeParser.java:1339)
	at org.eclipse.cdt.internal.core.dom.parser.AbstractGNUSourceCodeParser.parseTranslationUnit(AbstractGNUSourceCodeParser.java:1312)
	at org.eclipse.cdt.internal.core.dom.parser.AbstractGNUSourceCodeParser.translationUnit(AbstractGNUSourceCodeParser.java:1307)
	at org.eclipse.cdt.internal.core.dom.parser.AbstractGNUSourceCodeParser.parse(AbstractGNUSourceCodeParser.java:664)
	at org.eclipse.cdt.core.dom.parser.AbstractCLikeLanguage.getASTTranslationUnit(AbstractCLikeLanguage.java:167)
	at org.eclipse.cdt.internal.core.model.TranslationUnit.getAST(TranslationUnit.java:876)
	at org.eclipse.cdt.internal.core.model.TranslationUnit.getAST(TranslationUnit.java:826)
	at sun.reflect.GeneratedMethodAccessor109.invoke(Unknown Source)
	at sun.reflect.DelegatingMethodAccessorImpl.invoke(DelegatingMethodAccessorImpl.java:43)
	at java.lang.reflect.Method.invoke(Method.java:498)
	at org.eclipse.rtsc.xdctools.ui.contentassist.RTSCHelpProvider.getFunctionSummaries(Unknown Source)
	at org.eclipse.rtsc.xdctools.ui.contentassist.RTSCHelpProvider.getFunctionInfo(Unknown Source)
	at org.eclipse.rtsc.xdctools.ui.contentassist.RTSCHelpProvider.getFunctionInfo(Unknown Source)
	at org.eclipse.cdt.internal.ui.text.CHelpSettings.getFunctionInfo(CHelpSettings.java:121)
	at org.eclipse.cdt.internal.ui.CHelpProviderManager.getFunctionInfo(CHelpProviderManager.java:163)
	at org.eclipse.cdt.internal.ui.text.c.hover.CDocHover.getHoverInfo(CDocHover.java:86)
	at org.eclipse.cdt.internal.ui.text.c.hover.AbstractCEditorTextHover.getHoverInfo2(AbstractCEditorTextHover.java:84)
	at org.eclipse.cdt.internal.ui.text.c.hover.BestMatchHover.getHoverInfo2(BestMatchHover.java:144)
	at org.eclipse.cdt.internal.ui.text.c.hover.CEditorTextHoverProxy.getHoverInfo2(CEditorTextHoverProxy.java:84)
	at org.eclipse.jface.text.TextViewerHoverManager$4.run(TextViewerHoverManager.java:165)

!ENTRY org.eclipse.cdt.core 4 0 2017-03-04 17:28:11.842
!MESSAGE Error
!STACK 0
java.nio.channels.ClosedByInterruptException
	at java.nio.channels.spi.AbstractInterruptibleChannel.end(AbstractInterruptibleChannel.java:202)
	at sun.nio.ch.FileChannelImpl.size(FileChannelImpl.java:315)
	at org.eclipse.cdt.internal.core.parser.scanner.FileCharArray.create(FileCharArray.java:44)
	at org.eclipse.cdt.internal.core.parser.InternalParserUtil.createFileContent(InternalParserUtil.java:241)
	at org.eclipse.cdt.internal.core.parser.InternalParserUtil.createWorkspaceFileContent(InternalParserUtil.java:164)
	at org.eclipse.cdt.core.parser.FileContent.create(FileContent.java:117)
	at org.eclipse.cdt.internal.core.parser.SavedFilesProvider.getContentForInclusion(SavedFilesProvider.java:35)
	at org.eclipse.cdt.internal.core.parser.scanner.CPreprocessor$1.checkFile(CPreprocessor.java:164)
	at org.eclipse.cdt.internal.core.parser.scanner.CPreprocessor$1.checkFile(CPreprocessor.java:1)
	at org.eclipse.cdt.internal.core.parser.scanner.CPreprocessor.findInclusion(CPreprocessor.java:1200)
	at org.eclipse.cdt.internal.core.parser.scanner.CPreprocessor.executeInclude(CPreprocessor.java:1578)
	at org.eclipse.cdt.internal.core.parser.scanner.CPreprocessor.executeDirective(CPreprocessor.java:1354)
	at org.eclipse.cdt.internal.core.parser.scanner.CPreprocessor.internalFetchToken(CPreprocessor.java:942)
	at org.eclipse.cdt.internal.core.parser.scanner.CPreprocessor.fetchToken(CPreprocessor.java:641)
	at org.eclipse.cdt.internal.core.parser.scanner.CPreprocessor.nextToken(CPreprocessor.java:738)
	at org.eclipse.cdt.internal.core.dom.parser.AbstractGNUSourceCodeParser.fetchToken(AbstractGNUSourceCodeParser.java:283)
	at org.eclipse.cdt.internal.core.dom.parser.AbstractGNUSourceCodeParser.nextToken(AbstractGNUSourceCodeParser.java:307)
	at org.eclipse.cdt.internal.core.dom.parser.AbstractGNUSourceCodeParser.acceptInactiveCodeBoundary(AbstractGNUSourceCodeParser.java:368)
	at org.eclipse.cdt.internal.core.dom.parser.AbstractGNUSourceCodeParser.declarationList(AbstractGNUSourceCodeParser.java:1339)
	at org.eclipse.cdt.internal.core.dom.parser.AbstractGNUSourceCodeParser.parseTranslationUnit(AbstractGNUSourceCodeParser.java:1312)
	at org.eclipse.cdt.internal.core.dom.parser.AbstractGNUSourceCodeParser.translationUnit(AbstractGNUSourceCodeParser.java:1307)
	at org.eclipse.cdt.internal.core.dom.parser.AbstractGNUSourceCodeParser.parse(AbstractGNUSourceCodeParser.java:664)
	at org.eclipse.cdt.core.dom.parser.AbstractCLikeLanguage.getASTTranslationUnit(AbstractCLikeLanguage.java:167)
	at org.eclipse.cdt.internal.core.model.TranslationUnit.getAST(TranslationUnit.java:876)
	at org.eclipse.cdt.internal.core.model.TranslationUnit.getAST(TranslationUnit.java:826)
	at sun.reflect.GeneratedMethodAccessor109.invoke(Unknown Source)
	at sun.reflect.DelegatingMethodAccessorImpl.invoke(DelegatingMethodAccessorImpl.java:43)
	at java.lang.reflect.Method.invoke(Method.java:498)
	at org.eclipse.rtsc.xdctools.ui.contentassist.RTSCHelpProvider.getFunctionSummaries(Unknown Source)
	at org.eclipse.rtsc.xdctools.ui.contentassist.RTSCHelpProvider.getFunctionInfo(Unknown Source)
	at org.eclipse.rtsc.xdctools.ui.contentassist.RTSCHelpProvider.getFunctionInfo(Unknown Source)
	at org.eclipse.cdt.internal.ui.text.CHelpSettings.getFunctionInfo(CHelpSettings.java:121)
	at org.eclipse.cdt.internal.ui.CHelpProviderManager.getFunctionInfo(CHelpProviderManager.java:163)
	at org.eclipse.cdt.internal.ui.text.c.hover.CDocHover.getHoverInfo(CDocHover.java:86)
	at org.eclipse.cdt.internal.ui.text.c.hover.AbstractCEditorTextHover.getHoverInfo2(AbstractCEditorTextHover.java:84)
	at org.eclipse.cdt.internal.ui.text.c.hover.BestMatchHover.getHoverInfo2(BestMatchHover.java:144)
	at org.eclipse.cdt.internal.ui.text.c.hover.CEditorTextHoverProxy.getHoverInfo2(CEditorTextHoverProxy.java:84)
	at org.eclipse.jface.text.TextViewerHoverManager$4.run(TextViewerHoverManager.java:165)

!ENTRY org.eclipse.cdt.core 4 0 2017-03-04 17:28:11.857
!MESSAGE Error
!STACK 0
java.nio.channels.ClosedByInterruptException
	at java.nio.channels.spi.AbstractInterruptibleChannel.end(AbstractInterruptibleChannel.java:202)
	at sun.nio.ch.FileChannelImpl.size(FileChannelImpl.java:315)
	at org.eclipse.cdt.internal.core.parser.scanner.FileCharArray.create(FileCharArray.java:44)
	at org.eclipse.cdt.internal.core.parser.InternalParserUtil.createFileContent(InternalParserUtil.java:241)
	at org.eclipse.cdt.internal.core.parser.InternalParserUtil.createWorkspaceFileContent(InternalParserUtil.java:164)
	at org.eclipse.cdt.core.parser.FileContent.create(FileContent.java:117)
	at org.eclipse.cdt.internal.core.parser.SavedFilesProvider.getContentForInclusion(SavedFilesProvider.java:35)
	at org.eclipse.cdt.internal.core.parser.scanner.CPreprocessor$1.checkFile(CPreprocessor.java:164)
	at org.eclipse.cdt.internal.core.parser.scanner.CPreprocessor$1.checkFile(CPreprocessor.java:1)
	at org.eclipse.cdt.internal.core.parser.scanner.CPreprocessor.findInclusion(CPreprocessor.java:1241)
	at org.eclipse.cdt.internal.core.parser.scanner.CPreprocessor.executeInclude(CPreprocessor.java:1578)
	at org.eclipse.cdt.internal.core.parser.scanner.CPreprocessor.executeDirective(CPreprocessor.java:1354)
	at org.eclipse.cdt.internal.core.parser.scanner.CPreprocessor.internalFetchToken(CPreprocessor.java:942)
	at org.eclipse.cdt.internal.core.parser.scanner.CPreprocessor.fetchToken(CPreprocessor.java:641)
	at org.eclipse.cdt.internal.core.parser.scanner.CPreprocessor.nextToken(CPreprocessor.java:738)
	at org.eclipse.cdt.internal.core.dom.parser.AbstractGNUSourceCodeParser.fetchToken(AbstractGNUSourceCodeParser.java:283)
	at org.eclipse.cdt.internal.core.dom.parser.AbstractGNUSourceCodeParser.nextToken(AbstractGNUSourceCodeParser.java:307)
	at org.eclipse.cdt.internal.core.dom.parser.AbstractGNUSourceCodeParser.acceptInactiveCodeBoundary(AbstractGNUSourceCodeParser.java:368)
	at org.eclipse.cdt.internal.core.dom.parser.AbstractGNUSourceCodeParser.declarationList(AbstractGNUSourceCodeParser.java:1339)
	at org.eclipse.cdt.internal.core.dom.parser.AbstractGNUSourceCodeParser.parseTranslationUnit(AbstractGNUSourceCodeParser.java:1312)
	at org.eclipse.cdt.internal.core.dom.parser.AbstractGNUSourceCodeParser.translationUnit(AbstractGNUSourceCodeParser.java:1307)
	at org.eclipse.cdt.internal.core.dom.parser.AbstractGNUSourceCodeParser.parse(AbstractGNUSourceCodeParser.java:664)
	at org.eclipse.cdt.core.dom.parser.AbstractCLikeLanguage.getASTTranslationUnit(AbstractCLikeLanguage.java:167)
	at org.eclipse.cdt.internal.core.model.TranslationUnit.getAST(TranslationUnit.java:876)
	at org.eclipse.cdt.internal.core.model.TranslationUnit.getAST(TranslationUnit.java:826)
	at sun.reflect.GeneratedMethodAccessor109.invoke(Unknown Source)
	at sun.reflect.DelegatingMethodAccessorImpl.invoke(DelegatingMethodAccessorImpl.java:43)
	at java.lang.reflect.Method.invoke(Method.java:498)
	at org.eclipse.rtsc.xdctools.ui.contentassist.RTSCHelpProvider.getFunctionSummaries(Unknown Source)
	at org.eclipse.rtsc.xdctools.ui.contentassist.RTSCHelpProvider.getFunctionInfo(Unknown Source)
	at org.eclipse.rtsc.xdctools.ui.contentassist.RTSCHelpProvider.getFunctionInfo(Unknown Source)
	at org.eclipse.cdt.internal.ui.text.CHelpSettings.getFunctionInfo(CHelpSettings.java:121)
	at org.eclipse.cdt.internal.ui.CHelpProviderManager.getFunctionInfo(CHelpProviderManager.java:163)
	at org.eclipse.cdt.internal.ui.text.c.hover.CDocHover.getHoverInfo(CDocHover.java:86)
	at org.eclipse.cdt.internal.ui.text.c.hover.AbstractCEditorTextHover.getHoverInfo2(AbstractCEditorTextHover.java:84)
	at org.eclipse.cdt.internal.ui.text.c.hover.BestMatchHover.getHoverInfo2(BestMatchHover.java:144)
	at org.eclipse.cdt.internal.ui.text.c.hover.CEditorTextHoverProxy.getHoverInfo2(CEditorTextHoverProxy.java:84)
	at org.eclipse.jface.text.TextViewerHoverManager$4.run(TextViewerHoverManager.java:165)

!ENTRY org.eclipse.cdt.core 4 0 2017-03-04 17:28:11.857
!MESSAGE Error
!STACK 0
java.nio.channels.ClosedByInterruptException
	at java.nio.channels.spi.AbstractInterruptibleChannel.end(AbstractInterruptibleChannel.java:202)
	at sun.nio.ch.FileChannelImpl.size(FileChannelImpl.java:315)
	at org.eclipse.cdt.internal.core.parser.scanner.FileCharArray.create(FileCharArray.java:44)
	at org.eclipse.cdt.internal.core.parser.InternalParserUtil.createFileContent(InternalParserUtil.java:241)
	at org.eclipse.cdt.internal.core.parser.InternalParserUtil.createWorkspaceFileContent(InternalParserUtil.java:164)
	at org.eclipse.cdt.core.parser.FileContent.create(FileContent.java:117)
	at org.eclipse.cdt.internal.core.parser.SavedFilesProvider.getContentForInclusion(SavedFilesProvider.java:35)
	at org.eclipse.cdt.internal.core.parser.scanner.CPreprocessor$1.checkFile(CPreprocessor.java:164)
	at org.eclipse.cdt.internal.core.parser.scanner.CPreprocessor$1.checkFile(CPreprocessor.java:1)
	at org.eclipse.cdt.internal.core.parser.scanner.CPreprocessor.findInclusion(CPreprocessor.java:1200)
	at org.eclipse.cdt.internal.core.parser.scanner.CPreprocessor.executeInclude(CPreprocessor.java:1578)
	at org.eclipse.cdt.internal.core.parser.scanner.CPreprocessor.executeDirective(CPreprocessor.java:1354)
	at org.eclipse.cdt.internal.core.parser.scanner.CPreprocessor.internalFetchToken(CPreprocessor.java:942)
	at org.eclipse.cdt.internal.core.parser.scanner.CPreprocessor.fetchToken(CPreprocessor.java:641)
	at org.eclipse.cdt.internal.core.parser.scanner.CPreprocessor.nextToken(CPreprocessor.java:738)
	at org.eclipse.cdt.internal.core.dom.parser.AbstractGNUSourceCodeParser.fetchToken(AbstractGNUSourceCodeParser.java:283)
	at org.eclipse.cdt.internal.core.dom.parser.AbstractGNUSourceCodeParser.nextToken(AbstractGNUSourceCodeParser.java:307)
	at org.eclipse.cdt.internal.core.dom.parser.AbstractGNUSourceCodeParser.acceptInactiveCodeBoundary(AbstractGNUSourceCodeParser.java:368)
	at org.eclipse.cdt.internal.core.dom.parser.AbstractGNUSourceCodeParser.declarationList(AbstractGNUSourceCodeParser.java:1339)
	at org.eclipse.cdt.internal.core.dom.parser.AbstractGNUSourceCodeParser.parseTranslationUnit(AbstractGNUSourceCodeParser.java:1312)
	at org.eclipse.cdt.internal.core.dom.parser.AbstractGNUSourceCodeParser.translationUnit(AbstractGNUSourceCodeParser.java:1307)
	at org.eclipse.cdt.internal.core.dom.parser.AbstractGNUSourceCodeParser.parse(AbstractGNUSourceCodeParser.java:664)
	at org.eclipse.cdt.core.dom.parser.AbstractCLikeLanguage.getASTTranslationUnit(AbstractCLikeLanguage.java:167)
	at org.eclipse.cdt.internal.core.model.TranslationUnit.getAST(TranslationUnit.java:876)
	at org.eclipse.cdt.internal.core.model.TranslationUnit.getAST(TranslationUnit.java:826)
	at sun.reflect.GeneratedMethodAccessor109.invoke(Unknown Source)
	at sun.reflect.DelegatingMethodAccessorImpl.invoke(DelegatingMethodAccessorImpl.java:43)
	at java.lang.reflect.Method.invoke(Method.java:498)
	at org.eclipse.rtsc.xdctools.ui.contentassist.RTSCHelpProvider.getFunctionSummaries(Unknown Source)
	at org.eclipse.rtsc.xdctools.ui.contentassist.RTSCHelpProvider.getFunctionInfo(Unknown Source)
	at org.eclipse.rtsc.xdctools.ui.contentassist.RTSCHelpProvider.getFunctionInfo(Unknown Source)
	at org.eclipse.cdt.internal.ui.text.CHelpSettings.getFunctionInfo(CHelpSettings.java:121)
	at org.eclipse.cdt.internal.ui.CHelpProviderManager.getFunctionInfo(CHelpProviderManager.java:163)
	at org.eclipse.cdt.internal.ui.text.c.hover.CDocHover.getHoverInfo(CDocHover.java:86)
	at org.eclipse.cdt.internal.ui.text.c.hover.AbstractCEditorTextHover.getHoverInfo2(AbstractCEditorTextHover.java:84)
	at org.eclipse.cdt.internal.ui.text.c.hover.BestMatchHover.getHoverInfo2(BestMatchHover.java:144)
	at org.eclipse.cdt.internal.ui.text.c.hover.CEditorTextHoverProxy.getHoverInfo2(CEditorTextHoverProxy.java:84)
	at org.eclipse.jface.text.TextViewerHoverManager$4.run(TextViewerHoverManager.java:165)

!ENTRY org.eclipse.cdt.core 4 0 2017-03-04 17:28:11.873
!MESSAGE Error
!STACK 0
java.nio.channels.ClosedByInterruptException
	at java.nio.channels.spi.AbstractInterruptibleChannel.end(AbstractInterruptibleChannel.java:202)
	at sun.nio.ch.FileChannelImpl.size(FileChannelImpl.java:315)
	at org.eclipse.cdt.internal.core.parser.scanner.FileCharArray.create(FileCharArray.java:44)
	at org.eclipse.cdt.internal.core.parser.InternalParserUtil.createFileContent(InternalParserUtil.java:241)
	at org.eclipse.cdt.internal.core.parser.InternalParserUtil.createWorkspaceFileContent(InternalParserUtil.java:164)
	at org.eclipse.cdt.core.parser.FileContent.create(FileContent.java:117)
	at org.eclipse.cdt.internal.core.parser.SavedFilesProvider.getContentForInclusion(SavedFilesProvider.java:35)
	at org.eclipse.cdt.internal.core.parser.scanner.CPreprocessor$1.checkFile(CPreprocessor.java:164)
	at org.eclipse.cdt.internal.core.parser.scanner.CPreprocessor$1.checkFile(CPreprocessor.java:1)
	at org.eclipse.cdt.internal.core.parser.scanner.CPreprocessor.findInclusion(CPreprocessor.java:1241)
	at org.eclipse.cdt.internal.core.parser.scanner.CPreprocessor.executeInclude(CPreprocessor.java:1578)
	at org.eclipse.cdt.internal.core.parser.scanner.CPreprocessor.executeDirective(CPreprocessor.java:1354)
	at org.eclipse.cdt.internal.core.parser.scanner.CPreprocessor.internalFetchToken(CPreprocessor.java:942)
	at org.eclipse.cdt.internal.core.parser.scanner.CPreprocessor.fetchToken(CPreprocessor.java:641)
	at org.eclipse.cdt.internal.core.parser.scanner.CPreprocessor.nextToken(CPreprocessor.java:738)
	at org.eclipse.cdt.internal.core.dom.parser.AbstractGNUSourceCodeParser.fetchToken(AbstractGNUSourceCodeParser.java:283)
	at org.eclipse.cdt.internal.core.dom.parser.AbstractGNUSourceCodeParser.nextToken(AbstractGNUSourceCodeParser.java:307)
	at org.eclipse.cdt.internal.core.dom.parser.AbstractGNUSourceCodeParser.acceptInactiveCodeBoundary(AbstractGNUSourceCodeParser.java:368)
	at org.eclipse.cdt.internal.core.dom.parser.AbstractGNUSourceCodeParser.declarationList(AbstractGNUSourceCodeParser.java:1339)
	at org.eclipse.cdt.internal.core.dom.parser.AbstractGNUSourceCodeParser.parseTranslationUnit(AbstractGNUSourceCodeParser.java:1312)
	at org.eclipse.cdt.internal.core.dom.parser.AbstractGNUSourceCodeParser.translationUnit(AbstractGNUSourceCodeParser.java:1307)
	at org.eclipse.cdt.internal.core.dom.parser.AbstractGNUSourceCodeParser.parse(AbstractGNUSourceCodeParser.java:664)
	at org.eclipse.cdt.core.dom.parser.AbstractCLikeLanguage.getASTTranslationUnit(AbstractCLikeLanguage.java:167)
	at org.eclipse.cdt.internal.core.model.TranslationUnit.getAST(TranslationUnit.java:876)
	at org.eclipse.cdt.internal.core.model.TranslationUnit.getAST(TranslationUnit.java:826)
	at sun.reflect.GeneratedMethodAccessor109.invoke(Unknown Source)
	at sun.reflect.DelegatingMethodAccessorImpl.invoke(DelegatingMethodAccessorImpl.java:43)
	at java.lang.reflect.Method.invoke(Method.java:498)
	at org.eclipse.rtsc.xdctools.ui.contentassist.RTSCHelpProvider.getFunctionSummaries(Unknown Source)
	at org.eclipse.rtsc.xdctools.ui.contentassist.RTSCHelpProvider.getFunctionInfo(Unknown Source)
	at org.eclipse.rtsc.xdctools.ui.contentassist.RTSCHelpProvider.getFunctionInfo(Unknown Source)
	at org.eclipse.cdt.internal.ui.text.CHelpSettings.getFunctionInfo(CHelpSettings.java:121)
	at org.eclipse.cdt.internal.ui.CHelpProviderManager.getFunctionInfo(CHelpProviderManager.java:163)
	at org.eclipse.cdt.internal.ui.text.c.hover.CDocHover.getHoverInfo(CDocHover.java:86)
	at org.eclipse.cdt.internal.ui.text.c.hover.AbstractCEditorTextHover.getHoverInfo2(AbstractCEditorTextHover.java:84)
	at org.eclipse.cdt.internal.ui.text.c.hover.BestMatchHover.getHoverInfo2(BestMatchHover.java:144)
	at org.eclipse.cdt.internal.ui.text.c.hover.CEditorTextHoverProxy.getHoverInfo2(CEditorTextHoverProxy.java:84)
	at org.eclipse.jface.text.TextViewerHoverManager$4.run(TextViewerHoverManager.java:165)

!ENTRY org.eclipse.cdt.core 4 0 2017-03-04 17:31:32.993
!MESSAGE Error
!STACK 0
java.nio.channels.ClosedByInterruptException
	at java.nio.channels.spi.AbstractInterruptibleChannel.end(AbstractInterruptibleChannel.java:202)
	at sun.nio.ch.FileChannelImpl.size(FileChannelImpl.java:315)
	at org.eclipse.cdt.internal.core.parser.scanner.FileCharArray.create(FileCharArray.java:44)
	at org.eclipse.cdt.internal.core.parser.InternalParserUtil.createFileContent(InternalParserUtil.java:241)
	at org.eclipse.cdt.internal.core.parser.InternalParserUtil.createExternalFileContent(InternalParserUtil.java:224)
	at org.eclipse.cdt.core.parser.FileContent.createForExternalFileLocation(FileContent.java:129)
	at org.eclipse.cdt.core.parser.FileContent.createForExternalFileLocation(FileContent.java:121)
	at org.eclipse.cdt.internal.core.parser.SavedFilesProvider.getContentForInclusion(SavedFilesProvider.java:37)
	at org.eclipse.cdt.internal.core.parser.scanner.CPreprocessor$1.checkFile(CPreprocessor.java:164)
	at org.eclipse.cdt.internal.core.parser.scanner.CPreprocessor$1.checkFile(CPreprocessor.java:1)
	at org.eclipse.cdt.internal.core.parser.scanner.CPreprocessor.findInclusion(CPreprocessor.java:1231)
	at org.eclipse.cdt.internal.core.parser.scanner.CPreprocessor.executeInclude(CPreprocessor.java:1578)
	at org.eclipse.cdt.internal.core.parser.scanner.CPreprocessor.executeDirective(CPreprocessor.java:1354)
	at org.eclipse.cdt.internal.core.parser.scanner.CPreprocessor.internalFetchToken(CPreprocessor.java:942)
	at org.eclipse.cdt.internal.core.parser.scanner.CPreprocessor.fetchToken(CPreprocessor.java:641)
	at org.eclipse.cdt.internal.core.parser.scanner.CPreprocessor.nextToken(CPreprocessor.java:738)
	at org.eclipse.cdt.internal.core.dom.parser.AbstractGNUSourceCodeParser.fetchToken(AbstractGNUSourceCodeParser.java:283)
	at org.eclipse.cdt.internal.core.dom.parser.AbstractGNUSourceCodeParser.nextToken(AbstractGNUSourceCodeParser.java:307)
	at org.eclipse.cdt.internal.core.dom.parser.AbstractGNUSourceCodeParser.acceptInactiveCodeBoundary(AbstractGNUSourceCodeParser.java:368)
	at org.eclipse.cdt.internal.core.dom.parser.AbstractGNUSourceCodeParser.declarationList(AbstractGNUSourceCodeParser.java:1339)
	at org.eclipse.cdt.internal.core.dom.parser.AbstractGNUSourceCodeParser.parseTranslationUnit(AbstractGNUSourceCodeParser.java:1312)
	at org.eclipse.cdt.internal.core.dom.parser.AbstractGNUSourceCodeParser.translationUnit(AbstractGNUSourceCodeParser.java:1307)
	at org.eclipse.cdt.internal.core.dom.parser.AbstractGNUSourceCodeParser.parse(AbstractGNUSourceCodeParser.java:664)
	at org.eclipse.cdt.core.dom.parser.AbstractCLikeLanguage.getASTTranslationUnit(AbstractCLikeLanguage.java:167)
	at org.eclipse.cdt.internal.core.model.TranslationUnit.getAST(TranslationUnit.java:876)
	at org.eclipse.cdt.internal.core.model.TranslationUnit.getAST(TranslationUnit.java:826)
	at sun.reflect.GeneratedMethodAccessor109.invoke(Unknown Source)
	at sun.reflect.DelegatingMethodAccessorImpl.invoke(DelegatingMethodAccessorImpl.java:43)
	at java.lang.reflect.Method.invoke(Method.java:498)
	at org.eclipse.rtsc.xdctools.ui.contentassist.RTSCHelpProvider.getFunctionSummaries(Unknown Source)
	at org.eclipse.rtsc.xdctools.ui.contentassist.RTSCHelpProvider.getFunctionInfo(Unknown Source)
	at org.eclipse.rtsc.xdctools.ui.contentassist.RTSCHelpProvider.getFunctionInfo(Unknown Source)
	at org.eclipse.cdt.internal.ui.text.CHelpSettings.getFunctionInfo(CHelpSettings.java:121)
	at org.eclipse.cdt.internal.ui.CHelpProviderManager.getFunctionInfo(CHelpProviderManager.java:163)
	at org.eclipse.cdt.internal.ui.text.c.hover.CDocHover.getHoverInfo(CDocHover.java:86)
	at org.eclipse.cdt.internal.ui.text.c.hover.AbstractCEditorTextHover.getHoverInfo2(AbstractCEditorTextHover.java:84)
	at org.eclipse.cdt.internal.ui.text.c.hover.BestMatchHover.getHoverInfo2(BestMatchHover.java:144)
	at org.eclipse.cdt.internal.ui.text.c.hover.CEditorTextHoverProxy.getHoverInfo2(CEditorTextHoverProxy.java:84)
	at org.eclipse.jface.text.TextViewerHoverManager$4.run(TextViewerHoverManager.java:165)

!ENTRY org.eclipse.cdt.core 4 0 2017-03-04 17:31:33.009
!MESSAGE Error
!STACK 0
java.nio.channels.ClosedByInterruptException
	at java.nio.channels.spi.AbstractInterruptibleChannel.end(AbstractInterruptibleChannel.java:202)
	at sun.nio.ch.FileChannelImpl.size(FileChannelImpl.java:315)
	at org.eclipse.cdt.internal.core.parser.scanner.FileCharArray.create(FileCharArray.java:44)
	at org.eclipse.cdt.internal.core.parser.InternalParserUtil.createFileContent(InternalParserUtil.java:241)
	at org.eclipse.cdt.internal.core.parser.InternalParserUtil.createWorkspaceFileContent(InternalParserUtil.java:164)
	at org.eclipse.cdt.core.parser.FileContent.create(FileContent.java:117)
	at org.eclipse.cdt.internal.core.parser.SavedFilesProvider.getContentForInclusion(SavedFilesProvider.java:35)
	at org.eclipse.cdt.internal.core.parser.scanner.CPreprocessor$1.checkFile(CPreprocessor.java:164)
	at org.eclipse.cdt.internal.core.parser.scanner.CPreprocessor$1.checkFile(CPreprocessor.java:1)
	at org.eclipse.cdt.internal.core.parser.scanner.CPreprocessor.findInclusion(CPreprocessor.java:1200)
	at org.eclipse.cdt.internal.core.parser.scanner.CPreprocessor.executeInclude(CPreprocessor.java:1578)
	at org.eclipse.cdt.internal.core.parser.scanner.CPreprocessor.executeDirective(CPreprocessor.java:1354)
	at org.eclipse.cdt.internal.core.parser.scanner.CPreprocessor.internalFetchToken(CPreprocessor.java:942)
	at org.eclipse.cdt.internal.core.parser.scanner.CPreprocessor.fetchToken(CPreprocessor.java:641)
	at org.eclipse.cdt.internal.core.parser.scanner.CPreprocessor.nextToken(CPreprocessor.java:738)
	at org.eclipse.cdt.internal.core.dom.parser.AbstractGNUSourceCodeParser.fetchToken(AbstractGNUSourceCodeParser.java:283)
	at org.eclipse.cdt.internal.core.dom.parser.AbstractGNUSourceCodeParser.nextToken(AbstractGNUSourceCodeParser.java:307)
	at org.eclipse.cdt.internal.core.dom.parser.AbstractGNUSourceCodeParser.acceptInactiveCodeBoundary(AbstractGNUSourceCodeParser.java:368)
	at org.eclipse.cdt.internal.core.dom.parser.AbstractGNUSourceCodeParser.declarationList(AbstractGNUSourceCodeParser.java:1339)
	at org.eclipse.cdt.internal.core.dom.parser.AbstractGNUSourceCodeParser.parseTranslationUnit(AbstractGNUSourceCodeParser.java:1312)
	at org.eclipse.cdt.internal.core.dom.parser.AbstractGNUSourceCodeParser.translationUnit(AbstractGNUSourceCodeParser.java:1307)
	at org.eclipse.cdt.internal.core.dom.parser.AbstractGNUSourceCodeParser.parse(AbstractGNUSourceCodeParser.java:664)
	at org.eclipse.cdt.core.dom.parser.AbstractCLikeLanguage.getASTTranslationUnit(AbstractCLikeLanguage.java:167)
	at org.eclipse.cdt.internal.core.model.TranslationUnit.getAST(TranslationUnit.java:876)
	at org.eclipse.cdt.internal.core.model.TranslationUnit.getAST(TranslationUnit.java:826)
	at sun.reflect.GeneratedMethodAccessor109.invoke(Unknown Source)
	at sun.reflect.DelegatingMethodAccessorImpl.invoke(DelegatingMethodAccessorImpl.java:43)
	at java.lang.reflect.Method.invoke(Method.java:498)
	at org.eclipse.rtsc.xdctools.ui.contentassist.RTSCHelpProvider.getFunctionSummaries(Unknown Source)
	at org.eclipse.rtsc.xdctools.ui.contentassist.RTSCHelpProvider.getFunctionInfo(Unknown Source)
	at org.eclipse.rtsc.xdctools.ui.contentassist.RTSCHelpProvider.getFunctionInfo(Unknown Source)
	at org.eclipse.cdt.internal.ui.text.CHelpSettings.getFunctionInfo(CHelpSettings.java:121)
	at org.eclipse.cdt.internal.ui.CHelpProviderManager.getFunctionInfo(CHelpProviderManager.java:163)
	at org.eclipse.cdt.internal.ui.text.c.hover.CDocHover.getHoverInfo(CDocHover.java:86)
	at org.eclipse.cdt.internal.ui.text.c.hover.AbstractCEditorTextHover.getHoverInfo2(AbstractCEditorTextHover.java:84)
	at org.eclipse.cdt.internal.ui.text.c.hover.BestMatchHover.getHoverInfo2(BestMatchHover.java:144)
	at org.eclipse.cdt.internal.ui.text.c.hover.CEditorTextHoverProxy.getHoverInfo2(CEditorTextHoverProxy.java:84)
	at org.eclipse.jface.text.TextViewerHoverManager$4.run(TextViewerHoverManager.java:165)

!ENTRY org.eclipse.cdt.core 4 0 2017-03-04 17:31:33.009
!MESSAGE Error
!STACK 0
java.nio.channels.ClosedByInterruptException
	at java.nio.channels.spi.AbstractInterruptibleChannel.end(AbstractInterruptibleChannel.java:202)
	at sun.nio.ch.FileChannelImpl.size(FileChannelImpl.java:315)
	at org.eclipse.cdt.internal.core.parser.scanner.FileCharArray.create(FileCharArray.java:44)
	at org.eclipse.cdt.internal.core.parser.InternalParserUtil.createFileContent(InternalParserUtil.java:241)
	at org.eclipse.cdt.internal.core.parser.InternalParserUtil.createWorkspaceFileContent(InternalParserUtil.java:164)
	at org.eclipse.cdt.core.parser.FileContent.create(FileContent.java:117)
	at org.eclipse.cdt.internal.core.parser.SavedFilesProvider.getContentForInclusion(SavedFilesProvider.java:35)
	at org.eclipse.cdt.internal.core.parser.scanner.CPreprocessor$1.checkFile(CPreprocessor.java:164)
	at org.eclipse.cdt.internal.core.parser.scanner.CPreprocessor$1.checkFile(CPreprocessor.java:1)
	at org.eclipse.cdt.internal.core.parser.scanner.CPreprocessor.findInclusion(CPreprocessor.java:1241)
	at org.eclipse.cdt.internal.core.parser.scanner.CPreprocessor.executeInclude(CPreprocessor.java:1578)
	at org.eclipse.cdt.internal.core.parser.scanner.CPreprocessor.executeDirective(CPreprocessor.java:1354)
	at org.eclipse.cdt.internal.core.parser.scanner.CPreprocessor.internalFetchToken(CPreprocessor.java:942)
	at org.eclipse.cdt.internal.core.parser.scanner.CPreprocessor.fetchToken(CPreprocessor.java:641)
	at org.eclipse.cdt.internal.core.parser.scanner.CPreprocessor.nextToken(CPreprocessor.java:738)
	at org.eclipse.cdt.internal.core.dom.parser.AbstractGNUSourceCodeParser.fetchToken(AbstractGNUSourceCodeParser.java:283)
	at org.eclipse.cdt.internal.core.dom.parser.AbstractGNUSourceCodeParser.nextToken(AbstractGNUSourceCodeParser.java:307)
	at org.eclipse.cdt.internal.core.dom.parser.AbstractGNUSourceCodeParser.acceptInactiveCodeBoundary(AbstractGNUSourceCodeParser.java:368)
	at org.eclipse.cdt.internal.core.dom.parser.AbstractGNUSourceCodeParser.declarationList(AbstractGNUSourceCodeParser.java:1339)
	at org.eclipse.cdt.internal.core.dom.parser.AbstractGNUSourceCodeParser.parseTranslationUnit(AbstractGNUSourceCodeParser.java:1312)
	at org.eclipse.cdt.internal.core.dom.parser.AbstractGNUSourceCodeParser.translationUnit(AbstractGNUSourceCodeParser.java:1307)
	at org.eclipse.cdt.internal.core.dom.parser.AbstractGNUSourceCodeParser.parse(AbstractGNUSourceCodeParser.java:664)
	at org.eclipse.cdt.core.dom.parser.AbstractCLikeLanguage.getASTTranslationUnit(AbstractCLikeLanguage.java:167)
	at org.eclipse.cdt.internal.core.model.TranslationUnit.getAST(TranslationUnit.java:876)
	at org.eclipse.cdt.internal.core.model.TranslationUnit.getAST(TranslationUnit.java:826)
	at sun.reflect.GeneratedMethodAccessor109.invoke(Unknown Source)
	at sun.reflect.DelegatingMethodAccessorImpl.invoke(DelegatingMethodAccessorImpl.java:43)
	at java.lang.reflect.Method.invoke(Method.java:498)
	at org.eclipse.rtsc.xdctools.ui.contentassist.RTSCHelpProvider.getFunctionSummaries(Unknown Source)
	at org.eclipse.rtsc.xdctools.ui.contentassist.RTSCHelpProvider.getFunctionInfo(Unknown Source)
	at org.eclipse.rtsc.xdctools.ui.contentassist.RTSCHelpProvider.getFunctionInfo(Unknown Source)
	at org.eclipse.cdt.internal.ui.text.CHelpSettings.getFunctionInfo(CHelpSettings.java:121)
	at org.eclipse.cdt.internal.ui.CHelpProviderManager.getFunctionInfo(CHelpProviderManager.java:163)
	at org.eclipse.cdt.internal.ui.text.c.hover.CDocHover.getHoverInfo(CDocHover.java:86)
	at org.eclipse.cdt.internal.ui.text.c.hover.AbstractCEditorTextHover.getHoverInfo2(AbstractCEditorTextHover.java:84)
	at org.eclipse.cdt.internal.ui.text.c.hover.BestMatchHover.getHoverInfo2(BestMatchHover.java:144)
	at org.eclipse.cdt.internal.ui.text.c.hover.CEditorTextHoverProxy.getHoverInfo2(CEditorTextHoverProxy.java:84)
	at org.eclipse.jface.text.TextViewerHoverManager$4.run(TextViewerHoverManager.java:165)

!ENTRY org.eclipse.cdt.core 4 0 2017-03-04 17:31:33.024
!MESSAGE Error
!STACK 0
java.nio.channels.ClosedByInterruptException
	at java.nio.channels.spi.AbstractInterruptibleChannel.end(AbstractInterruptibleChannel.java:202)
	at sun.nio.ch.FileChannelImpl.size(FileChannelImpl.java:315)
	at org.eclipse.cdt.internal.core.parser.scanner.FileCharArray.create(FileCharArray.java:44)
	at org.eclipse.cdt.internal.core.parser.InternalParserUtil.createFileContent(InternalParserUtil.java:241)
	at org.eclipse.cdt.internal.core.parser.InternalParserUtil.createExternalFileContent(InternalParserUtil.java:224)
	at org.eclipse.cdt.core.parser.FileContent.createForExternalFileLocation(FileContent.java:129)
	at org.eclipse.cdt.core.parser.FileContent.createForExternalFileLocation(FileContent.java:121)
	at org.eclipse.cdt.internal.core.parser.SavedFilesProvider.getContentForInclusion(SavedFilesProvider.java:37)
	at org.eclipse.cdt.internal.core.parser.scanner.CPreprocessor$1.checkFile(CPreprocessor.java:164)
	at org.eclipse.cdt.internal.core.parser.scanner.CPreprocessor$1.checkFile(CPreprocessor.java:1)
	at org.eclipse.cdt.internal.core.parser.scanner.CPreprocessor.findInclusion(CPreprocessor.java:1231)
	at org.eclipse.cdt.internal.core.parser.scanner.CPreprocessor.executeInclude(CPreprocessor.java:1578)
	at org.eclipse.cdt.internal.core.parser.scanner.CPreprocessor.executeDirective(CPreprocessor.java:1354)
	at org.eclipse.cdt.internal.core.parser.scanner.CPreprocessor.internalFetchToken(CPreprocessor.java:942)
	at org.eclipse.cdt.internal.core.parser.scanner.CPreprocessor.fetchToken(CPreprocessor.java:641)
	at org.eclipse.cdt.internal.core.parser.scanner.CPreprocessor.nextToken(CPreprocessor.java:738)
	at org.eclipse.cdt.internal.core.dom.parser.AbstractGNUSourceCodeParser.fetchToken(AbstractGNUSourceCodeParser.java:283)
	at org.eclipse.cdt.internal.core.dom.parser.AbstractGNUSourceCodeParser.nextToken(AbstractGNUSourceCodeParser.java:307)
	at org.eclipse.cdt.internal.core.dom.parser.AbstractGNUSourceCodeParser.acceptInactiveCodeBoundary(AbstractGNUSourceCodeParser.java:368)
	at org.eclipse.cdt.internal.core.dom.parser.AbstractGNUSourceCodeParser.declarationList(AbstractGNUSourceCodeParser.java:1339)
	at org.eclipse.cdt.internal.core.dom.parser.AbstractGNUSourceCodeParser.parseTranslationUnit(AbstractGNUSourceCodeParser.java:1312)
	at org.eclipse.cdt.internal.core.dom.parser.AbstractGNUSourceCodeParser.translationUnit(AbstractGNUSourceCodeParser.java:1307)
	at org.eclipse.cdt.internal.core.dom.parser.AbstractGNUSourceCodeParser.parse(AbstractGNUSourceCodeParser.java:664)
	at org.eclipse.cdt.core.dom.parser.AbstractCLikeLanguage.getASTTranslationUnit(AbstractCLikeLanguage.java:167)
	at org.eclipse.cdt.internal.core.model.TranslationUnit.getAST(TranslationUnit.java:876)
	at org.eclipse.cdt.internal.core.model.TranslationUnit.getAST(TranslationUnit.java:826)
	at sun.reflect.GeneratedMethodAccessor109.invoke(Unknown Source)
	at sun.reflect.DelegatingMethodAccessorImpl.invoke(DelegatingMethodAccessorImpl.java:43)
	at java.lang.reflect.Method.invoke(Method.java:498)
	at org.eclipse.rtsc.xdctools.ui.contentassist.RTSCHelpProvider.getFunctionSummaries(Unknown Source)
	at org.eclipse.rtsc.xdctools.ui.contentassist.RTSCHelpProvider.getFunctionInfo(Unknown Source)
	at org.eclipse.rtsc.xdctools.ui.contentassist.RTSCHelpProvider.getFunctionInfo(Unknown Source)
	at org.eclipse.cdt.internal.ui.text.CHelpSettings.getFunctionInfo(CHelpSettings.java:121)
	at org.eclipse.cdt.internal.ui.CHelpProviderManager.getFunctionInfo(CHelpProviderManager.java:163)
	at org.eclipse.cdt.internal.ui.text.c.hover.CDocHover.getHoverInfo(CDocHover.java:86)
	at org.eclipse.cdt.internal.ui.text.c.hover.AbstractCEditorTextHover.getHoverInfo2(AbstractCEditorTextHover.java:84)
	at org.eclipse.cdt.internal.ui.text.c.hover.BestMatchHover.getHoverInfo2(BestMatchHover.java:144)
	at org.eclipse.cdt.internal.ui.text.c.hover.CEditorTextHoverProxy.getHoverInfo2(CEditorTextHoverProxy.java:84)
	at org.eclipse.jface.text.TextViewerHoverManager$4.run(TextViewerHoverManager.java:165)

!ENTRY org.eclipse.cdt.core 4 0 2017-03-04 17:44:19.072
!MESSAGE Error
!STACK 0
java.nio.channels.ClosedByInterruptException
	at java.nio.channels.spi.AbstractInterruptibleChannel.end(AbstractInterruptibleChannel.java:202)
	at sun.nio.ch.FileChannelImpl.size(FileChannelImpl.java:315)
	at org.eclipse.cdt.internal.core.parser.scanner.FileCharArray.create(FileCharArray.java:44)
	at org.eclipse.cdt.internal.core.parser.InternalParserUtil.createFileContent(InternalParserUtil.java:241)
	at org.eclipse.cdt.internal.core.parser.InternalParserUtil.createWorkspaceFileContent(InternalParserUtil.java:164)
	at org.eclipse.cdt.core.parser.FileContent.create(FileContent.java:117)
	at org.eclipse.cdt.internal.core.parser.SavedFilesProvider.getContentForInclusion(SavedFilesProvider.java:35)
	at org.eclipse.cdt.internal.core.parser.scanner.CPreprocessor$1.checkFile(CPreprocessor.java:164)
	at org.eclipse.cdt.internal.core.parser.scanner.CPreprocessor$1.checkFile(CPreprocessor.java:1)
	at org.eclipse.cdt.internal.core.parser.scanner.CPreprocessor.findInclusion(CPreprocessor.java:1200)
	at org.eclipse.cdt.internal.core.parser.scanner.CPreprocessor.executeInclude(CPreprocessor.java:1578)
	at org.eclipse.cdt.internal.core.parser.scanner.CPreprocessor.executeDirective(CPreprocessor.java:1354)
	at org.eclipse.cdt.internal.core.parser.scanner.CPreprocessor.internalFetchToken(CPreprocessor.java:942)
	at org.eclipse.cdt.internal.core.parser.scanner.CPreprocessor.fetchToken(CPreprocessor.java:641)
	at org.eclipse.cdt.internal.core.parser.scanner.CPreprocessor.nextToken(CPreprocessor.java:738)
	at org.eclipse.cdt.internal.core.dom.parser.AbstractGNUSourceCodeParser.fetchToken(AbstractGNUSourceCodeParser.java:283)
	at org.eclipse.cdt.internal.core.dom.parser.AbstractGNUSourceCodeParser.nextToken(AbstractGNUSourceCodeParser.java:307)
	at org.eclipse.cdt.internal.core.dom.parser.AbstractGNUSourceCodeParser.acceptInactiveCodeBoundary(AbstractGNUSourceCodeParser.java:368)
	at org.eclipse.cdt.internal.core.dom.parser.AbstractGNUSourceCodeParser.declarationList(AbstractGNUSourceCodeParser.java:1339)
	at org.eclipse.cdt.internal.core.dom.parser.AbstractGNUSourceCodeParser.parseTranslationUnit(AbstractGNUSourceCodeParser.java:1312)
	at org.eclipse.cdt.internal.core.dom.parser.AbstractGNUSourceCodeParser.translationUnit(AbstractGNUSourceCodeParser.java:1307)
	at org.eclipse.cdt.internal.core.dom.parser.AbstractGNUSourceCodeParser.parse(AbstractGNUSourceCodeParser.java:664)
	at org.eclipse.cdt.core.dom.parser.AbstractCLikeLanguage.getASTTranslationUnit(AbstractCLikeLanguage.java:167)
	at org.eclipse.cdt.internal.core.model.TranslationUnit.getAST(TranslationUnit.java:876)
	at org.eclipse.cdt.internal.core.model.TranslationUnit.getAST(TranslationUnit.java:826)
	at sun.reflect.GeneratedMethodAccessor109.invoke(Unknown Source)
	at sun.reflect.DelegatingMethodAccessorImpl.invoke(DelegatingMethodAccessorImpl.java:43)
	at java.lang.reflect.Method.invoke(Method.java:498)
	at org.eclipse.rtsc.xdctools.ui.contentassist.RTSCHelpProvider.getFunctionSummaries(Unknown Source)
	at org.eclipse.rtsc.xdctools.ui.contentassist.RTSCHelpProvider.getFunctionInfo(Unknown Source)
	at org.eclipse.rtsc.xdctools.ui.contentassist.RTSCHelpProvider.getFunctionInfo(Unknown Source)
	at org.eclipse.cdt.internal.ui.text.CHelpSettings.getFunctionInfo(CHelpSettings.java:121)
	at org.eclipse.cdt.internal.ui.CHelpProviderManager.getFunctionInfo(CHelpProviderManager.java:163)
	at org.eclipse.cdt.internal.ui.text.c.hover.CDocHover.getHoverInfo(CDocHover.java:86)
	at org.eclipse.cdt.internal.ui.text.c.hover.AbstractCEditorTextHover.getHoverInfo2(AbstractCEditorTextHover.java:84)
	at org.eclipse.cdt.internal.ui.text.c.hover.BestMatchHover.getHoverInfo2(BestMatchHover.java:144)
	at org.eclipse.cdt.internal.ui.text.c.hover.CEditorTextHoverProxy.getHoverInfo2(CEditorTextHoverProxy.java:84)
	at org.eclipse.jface.text.TextViewerHoverManager$4.run(TextViewerHoverManager.java:165)

!ENTRY org.eclipse.cdt.core 4 0 2017-03-04 17:44:19.072
!MESSAGE Error
!STACK 0
java.nio.channels.ClosedByInterruptException
	at java.nio.channels.spi.AbstractInterruptibleChannel.end(AbstractInterruptibleChannel.java:202)
	at sun.nio.ch.FileChannelImpl.size(FileChannelImpl.java:315)
	at org.eclipse.cdt.internal.core.parser.scanner.FileCharArray.create(FileCharArray.java:44)
	at org.eclipse.cdt.internal.core.parser.InternalParserUtil.createFileContent(InternalParserUtil.java:241)
	at org.eclipse.cdt.internal.core.parser.InternalParserUtil.createWorkspaceFileContent(InternalParserUtil.java:164)
	at org.eclipse.cdt.core.parser.FileContent.create(FileContent.java:117)
	at org.eclipse.cdt.internal.core.parser.SavedFilesProvider.getContentForInclusion(SavedFilesProvider.java:35)
	at org.eclipse.cdt.internal.core.parser.scanner.CPreprocessor$1.checkFile(CPreprocessor.java:164)
	at org.eclipse.cdt.internal.core.parser.scanner.CPreprocessor$1.checkFile(CPreprocessor.java:1)
	at org.eclipse.cdt.internal.core.parser.scanner.CPreprocessor.findInclusion(CPreprocessor.java:1241)
	at org.eclipse.cdt.internal.core.parser.scanner.CPreprocessor.executeInclude(CPreprocessor.java:1578)
	at org.eclipse.cdt.internal.core.parser.scanner.CPreprocessor.executeDirective(CPreprocessor.java:1354)
	at org.eclipse.cdt.internal.core.parser.scanner.CPreprocessor.internalFetchToken(CPreprocessor.java:942)
	at org.eclipse.cdt.internal.core.parser.scanner.CPreprocessor.fetchToken(CPreprocessor.java:641)
	at org.eclipse.cdt.internal.core.parser.scanner.CPreprocessor.nextToken(CPreprocessor.java:738)
	at org.eclipse.cdt.internal.core.dom.parser.AbstractGNUSourceCodeParser.fetchToken(AbstractGNUSourceCodeParser.java:283)
	at org.eclipse.cdt.internal.core.dom.parser.AbstractGNUSourceCodeParser.nextToken(AbstractGNUSourceCodeParser.java:307)
	at org.eclipse.cdt.internal.core.dom.parser.AbstractGNUSourceCodeParser.acceptInactiveCodeBoundary(AbstractGNUSourceCodeParser.java:368)
	at org.eclipse.cdt.internal.core.dom.parser.AbstractGNUSourceCodeParser.declarationList(AbstractGNUSourceCodeParser.java:1339)
	at org.eclipse.cdt.internal.core.dom.parser.AbstractGNUSourceCodeParser.parseTranslationUnit(AbstractGNUSourceCodeParser.java:1312)
	at org.eclipse.cdt.internal.core.dom.parser.AbstractGNUSourceCodeParser.translationUnit(AbstractGNUSourceCodeParser.java:1307)
	at org.eclipse.cdt.internal.core.dom.parser.AbstractGNUSourceCodeParser.parse(AbstractGNUSourceCodeParser.java:664)
	at org.eclipse.cdt.core.dom.parser.AbstractCLikeLanguage.getASTTranslationUnit(AbstractCLikeLanguage.java:167)
	at org.eclipse.cdt.internal.core.model.TranslationUnit.getAST(TranslationUnit.java:876)
	at org.eclipse.cdt.internal.core.model.TranslationUnit.getAST(TranslationUnit.java:826)
	at sun.reflect.GeneratedMethodAccessor109.invoke(Unknown Source)
	at sun.reflect.DelegatingMethodAccessorImpl.invoke(DelegatingMethodAccessorImpl.java:43)
	at java.lang.reflect.Method.invoke(Method.java:498)
	at org.eclipse.rtsc.xdctools.ui.contentassist.RTSCHelpProvider.getFunctionSummaries(Unknown Source)
	at org.eclipse.rtsc.xdctools.ui.contentassist.RTSCHelpProvider.getFunctionInfo(Unknown Source)
	at org.eclipse.rtsc.xdctools.ui.contentassist.RTSCHelpProvider.getFunctionInfo(Unknown Source)
	at org.eclipse.cdt.internal.ui.text.CHelpSettings.getFunctionInfo(CHelpSettings.java:121)
	at org.eclipse.cdt.internal.ui.CHelpProviderManager.getFunctionInfo(CHelpProviderManager.java:163)
	at org.eclipse.cdt.internal.ui.text.c.hover.CDocHover.getHoverInfo(CDocHover.java:86)
	at org.eclipse.cdt.internal.ui.text.c.hover.AbstractCEditorTextHover.getHoverInfo2(AbstractCEditorTextHover.java:84)
	at org.eclipse.cdt.internal.ui.text.c.hover.BestMatchHover.getHoverInfo2(BestMatchHover.java:144)
	at org.eclipse.cdt.internal.ui.text.c.hover.CEditorTextHoverProxy.getHoverInfo2(CEditorTextHoverProxy.java:84)
	at org.eclipse.jface.text.TextViewerHoverManager$4.run(TextViewerHoverManager.java:165)

!ENTRY org.eclipse.cdt.core 4 0 2017-03-04 17:44:19.088
!MESSAGE Error
!STACK 0
java.nio.channels.ClosedByInterruptException
	at java.nio.channels.spi.AbstractInterruptibleChannel.end(AbstractInterruptibleChannel.java:202)
	at sun.nio.ch.FileChannelImpl.size(FileChannelImpl.java:315)
	at org.eclipse.cdt.internal.core.parser.scanner.FileCharArray.create(FileCharArray.java:44)
	at org.eclipse.cdt.internal.core.parser.InternalParserUtil.createFileContent(InternalParserUtil.java:241)
	at org.eclipse.cdt.internal.core.parser.InternalParserUtil.createExternalFileContent(InternalParserUtil.java:224)
	at org.eclipse.cdt.core.parser.FileContent.createForExternalFileLocation(FileContent.java:129)
	at org.eclipse.cdt.core.parser.FileContent.createForExternalFileLocation(FileContent.java:121)
	at org.eclipse.cdt.internal.core.parser.SavedFilesProvider.getContentForInclusion(SavedFilesProvider.java:37)
	at org.eclipse.cdt.internal.core.parser.scanner.CPreprocessor$1.checkFile(CPreprocessor.java:164)
	at org.eclipse.cdt.internal.core.parser.scanner.CPreprocessor$1.checkFile(CPreprocessor.java:1)
	at org.eclipse.cdt.internal.core.parser.scanner.CPreprocessor.findInclusion(CPreprocessor.java:1231)
	at org.eclipse.cdt.internal.core.parser.scanner.CPreprocessor.executeInclude(CPreprocessor.java:1578)
	at org.eclipse.cdt.internal.core.parser.scanner.CPreprocessor.executeDirective(CPreprocessor.java:1354)
	at org.eclipse.cdt.internal.core.parser.scanner.CPreprocessor.internalFetchToken(CPreprocessor.java:942)
	at org.eclipse.cdt.internal.core.parser.scanner.CPreprocessor.fetchToken(CPreprocessor.java:641)
	at org.eclipse.cdt.internal.core.parser.scanner.CPreprocessor.nextToken(CPreprocessor.java:738)
	at org.eclipse.cdt.internal.core.dom.parser.AbstractGNUSourceCodeParser.fetchToken(AbstractGNUSourceCodeParser.java:283)
	at org.eclipse.cdt.internal.core.dom.parser.AbstractGNUSourceCodeParser.nextToken(AbstractGNUSourceCodeParser.java:307)
	at org.eclipse.cdt.internal.core.dom.parser.AbstractGNUSourceCodeParser.acceptInactiveCodeBoundary(AbstractGNUSourceCodeParser.java:368)
	at org.eclipse.cdt.internal.core.dom.parser.AbstractGNUSourceCodeParser.declarationList(AbstractGNUSourceCodeParser.java:1339)
	at org.eclipse.cdt.internal.core.dom.parser.AbstractGNUSourceCodeParser.parseTranslationUnit(AbstractGNUSourceCodeParser.java:1312)
	at org.eclipse.cdt.internal.core.dom.parser.AbstractGNUSourceCodeParser.translationUnit(AbstractGNUSourceCodeParser.java:1307)
	at org.eclipse.cdt.internal.core.dom.parser.AbstractGNUSourceCodeParser.parse(AbstractGNUSourceCodeParser.java:664)
	at org.eclipse.cdt.core.dom.parser.AbstractCLikeLanguage.getASTTranslationUnit(AbstractCLikeLanguage.java:167)
	at org.eclipse.cdt.internal.core.model.TranslationUnit.getAST(TranslationUnit.java:876)
	at org.eclipse.cdt.internal.core.model.TranslationUnit.getAST(TranslationUnit.java:826)
	at sun.reflect.GeneratedMethodAccessor109.invoke(Unknown Source)
	at sun.reflect.DelegatingMethodAccessorImpl.invoke(DelegatingMethodAccessorImpl.java:43)
	at java.lang.reflect.Method.invoke(Method.java:498)
	at org.eclipse.rtsc.xdctools.ui.contentassist.RTSCHelpProvider.getFunctionSummaries(Unknown Source)
	at org.eclipse.rtsc.xdctools.ui.contentassist.RTSCHelpProvider.getFunctionInfo(Unknown Source)
	at org.eclipse.rtsc.xdctools.ui.contentassist.RTSCHelpProvider.getFunctionInfo(Unknown Source)
	at org.eclipse.cdt.internal.ui.text.CHelpSettings.getFunctionInfo(CHelpSettings.java:121)
	at org.eclipse.cdt.internal.ui.CHelpProviderManager.getFunctionInfo(CHelpProviderManager.java:163)
	at org.eclipse.cdt.internal.ui.text.c.hover.CDocHover.getHoverInfo(CDocHover.java:86)
	at org.eclipse.cdt.internal.ui.text.c.hover.AbstractCEditorTextHover.getHoverInfo2(AbstractCEditorTextHover.java:84)
	at org.eclipse.cdt.internal.ui.text.c.hover.BestMatchHover.getHoverInfo2(BestMatchHover.java:144)
	at org.eclipse.cdt.internal.ui.text.c.hover.CEditorTextHoverProxy.getHoverInfo2(CEditorTextHoverProxy.java:84)
	at org.eclipse.jface.text.TextViewerHoverManager$4.run(TextViewerHoverManager.java:165)

!ENTRY org.eclipse.cdt.core 4 0 2017-03-04 17:45:45.123
!MESSAGE Error
!STACK 0
java.nio.channels.ClosedByInterruptException
	at java.nio.channels.spi.AbstractInterruptibleChannel.end(AbstractInterruptibleChannel.java:202)
	at sun.nio.ch.FileChannelImpl.size(FileChannelImpl.java:315)
	at org.eclipse.cdt.internal.core.parser.scanner.FileCharArray.create(FileCharArray.java:44)
	at org.eclipse.cdt.internal.core.parser.InternalParserUtil.createFileContent(InternalParserUtil.java:241)
	at org.eclipse.cdt.internal.core.parser.InternalParserUtil.createExternalFileContent(InternalParserUtil.java:224)
	at org.eclipse.cdt.core.parser.FileContent.createForExternalFileLocation(FileContent.java:129)
	at org.eclipse.cdt.core.parser.FileContent.createForExternalFileLocation(FileContent.java:121)
	at org.eclipse.cdt.internal.core.parser.SavedFilesProvider.getContentForInclusion(SavedFilesProvider.java:37)
	at org.eclipse.cdt.internal.core.parser.scanner.CPreprocessor$1.checkFile(CPreprocessor.java:164)
	at org.eclipse.cdt.internal.core.parser.scanner.CPreprocessor$1.checkFile(CPreprocessor.java:1)
	at org.eclipse.cdt.internal.core.parser.scanner.CPreprocessor.findInclusion(CPreprocessor.java:1231)
	at org.eclipse.cdt.internal.core.parser.scanner.CPreprocessor.executeInclude(CPreprocessor.java:1578)
	at org.eclipse.cdt.internal.core.parser.scanner.CPreprocessor.executeDirective(CPreprocessor.java:1354)
	at org.eclipse.cdt.internal.core.parser.scanner.CPreprocessor.internalFetchToken(CPreprocessor.java:942)
	at org.eclipse.cdt.internal.core.parser.scanner.CPreprocessor.fetchToken(CPreprocessor.java:641)
	at org.eclipse.cdt.internal.core.parser.scanner.CPreprocessor.nextToken(CPreprocessor.java:738)
	at org.eclipse.cdt.internal.core.dom.parser.AbstractGNUSourceCodeParser.fetchToken(AbstractGNUSourceCodeParser.java:283)
	at org.eclipse.cdt.internal.core.dom.parser.AbstractGNUSourceCodeParser.nextToken(AbstractGNUSourceCodeParser.java:307)
	at org.eclipse.cdt.internal.core.dom.parser.AbstractGNUSourceCodeParser.acceptInactiveCodeBoundary(AbstractGNUSourceCodeParser.java:368)
	at org.eclipse.cdt.internal.core.dom.parser.AbstractGNUSourceCodeParser.declarationList(AbstractGNUSourceCodeParser.java:1339)
	at org.eclipse.cdt.internal.core.dom.parser.AbstractGNUSourceCodeParser.parseTranslationUnit(AbstractGNUSourceCodeParser.java:1312)
	at org.eclipse.cdt.internal.core.dom.parser.AbstractGNUSourceCodeParser.translationUnit(AbstractGNUSourceCodeParser.java:1307)
	at org.eclipse.cdt.internal.core.dom.parser.AbstractGNUSourceCodeParser.parse(AbstractGNUSourceCodeParser.java:664)
	at org.eclipse.cdt.core.dom.parser.AbstractCLikeLanguage.getASTTranslationUnit(AbstractCLikeLanguage.java:167)
	at org.eclipse.cdt.internal.core.model.TranslationUnit.getAST(TranslationUnit.java:876)
	at org.eclipse.cdt.internal.core.model.TranslationUnit.getAST(TranslationUnit.java:826)
	at sun.reflect.GeneratedMethodAccessor109.invoke(Unknown Source)
	at sun.reflect.DelegatingMethodAccessorImpl.invoke(DelegatingMethodAccessorImpl.java:43)
	at java.lang.reflect.Method.invoke(Method.java:498)
	at org.eclipse.rtsc.xdctools.ui.contentassist.RTSCHelpProvider.getFunctionSummaries(Unknown Source)
	at org.eclipse.rtsc.xdctools.ui.contentassist.RTSCHelpProvider.getFunctionInfo(Unknown Source)
	at org.eclipse.rtsc.xdctools.ui.contentassist.RTSCHelpProvider.getFunctionInfo(Unknown Source)
	at org.eclipse.cdt.internal.ui.text.CHelpSettings.getFunctionInfo(CHelpSettings.java:121)
	at org.eclipse.cdt.internal.ui.CHelpProviderManager.getFunctionInfo(CHelpProviderManager.java:163)
	at org.eclipse.cdt.internal.ui.text.c.hover.CDocHover.getHoverInfo(CDocHover.java:86)
	at org.eclipse.cdt.internal.ui.text.c.hover.AbstractCEditorTextHover.getHoverInfo2(AbstractCEditorTextHover.java:84)
	at org.eclipse.cdt.internal.ui.text.c.hover.BestMatchHover.getHoverInfo2(BestMatchHover.java:144)
	at org.eclipse.cdt.internal.ui.text.c.hover.CEditorTextHoverProxy.getHoverInfo2(CEditorTextHoverProxy.java:84)
	at org.eclipse.jface.text.TextViewerHoverManager$4.run(TextViewerHoverManager.java:165)

!ENTRY org.eclipse.cdt.core 4 0 2017-03-04 17:45:45.139
!MESSAGE Error
!STACK 0
java.nio.channels.ClosedByInterruptException
	at java.nio.channels.spi.AbstractInterruptibleChannel.end(AbstractInterruptibleChannel.java:202)
	at sun.nio.ch.FileChannelImpl.size(FileChannelImpl.java:315)
	at org.eclipse.cdt.internal.core.parser.scanner.FileCharArray.create(FileCharArray.java:44)
	at org.eclipse.cdt.internal.core.parser.InternalParserUtil.createFileContent(InternalParserUtil.java:241)
	at org.eclipse.cdt.internal.core.parser.InternalParserUtil.createWorkspaceFileContent(InternalParserUtil.java:164)
	at org.eclipse.cdt.core.parser.FileContent.create(FileContent.java:117)
	at org.eclipse.cdt.internal.core.parser.SavedFilesProvider.getContentForInclusion(SavedFilesProvider.java:35)
	at org.eclipse.cdt.internal.core.parser.scanner.CPreprocessor$1.checkFile(CPreprocessor.java:164)
	at org.eclipse.cdt.internal.core.parser.scanner.CPreprocessor$1.checkFile(CPreprocessor.java:1)
	at org.eclipse.cdt.internal.core.parser.scanner.CPreprocessor.findInclusion(CPreprocessor.java:1200)
	at org.eclipse.cdt.internal.core.parser.scanner.CPreprocessor.executeInclude(CPreprocessor.java:1578)
	at org.eclipse.cdt.internal.core.parser.scanner.CPreprocessor.executeDirective(CPreprocessor.java:1354)
	at org.eclipse.cdt.internal.core.parser.scanner.CPreprocessor.internalFetchToken(CPreprocessor.java:942)
	at org.eclipse.cdt.internal.core.parser.scanner.CPreprocessor.fetchToken(CPreprocessor.java:641)
	at org.eclipse.cdt.internal.core.parser.scanner.CPreprocessor.nextToken(CPreprocessor.java:738)
	at org.eclipse.cdt.internal.core.dom.parser.AbstractGNUSourceCodeParser.fetchToken(AbstractGNUSourceCodeParser.java:283)
	at org.eclipse.cdt.internal.core.dom.parser.AbstractGNUSourceCodeParser.nextToken(AbstractGNUSourceCodeParser.java:307)
	at org.eclipse.cdt.internal.core.dom.parser.AbstractGNUSourceCodeParser.acceptInactiveCodeBoundary(AbstractGNUSourceCodeParser.java:368)
	at org.eclipse.cdt.internal.core.dom.parser.AbstractGNUSourceCodeParser.declarationList(AbstractGNUSourceCodeParser.java:1339)
	at org.eclipse.cdt.internal.core.dom.parser.AbstractGNUSourceCodeParser.parseTranslationUnit(AbstractGNUSourceCodeParser.java:1312)
	at org.eclipse.cdt.internal.core.dom.parser.AbstractGNUSourceCodeParser.translationUnit(AbstractGNUSourceCodeParser.java:1307)
	at org.eclipse.cdt.internal.core.dom.parser.AbstractGNUSourceCodeParser.parse(AbstractGNUSourceCodeParser.java:664)
	at org.eclipse.cdt.core.dom.parser.AbstractCLikeLanguage.getASTTranslationUnit(AbstractCLikeLanguage.java:167)
	at org.eclipse.cdt.internal.core.model.TranslationUnit.getAST(TranslationUnit.java:876)
	at org.eclipse.cdt.internal.core.model.TranslationUnit.getAST(TranslationUnit.java:826)
	at sun.reflect.GeneratedMethodAccessor109.invoke(Unknown Source)
	at sun.reflect.DelegatingMethodAccessorImpl.invoke(DelegatingMethodAccessorImpl.java:43)
	at java.lang.reflect.Method.invoke(Method.java:498)
	at org.eclipse.rtsc.xdctools.ui.contentassist.RTSCHelpProvider.getFunctionSummaries(Unknown Source)
	at org.eclipse.rtsc.xdctools.ui.contentassist.RTSCHelpProvider.getFunctionInfo(Unknown Source)
	at org.eclipse.rtsc.xdctools.ui.contentassist.RTSCHelpProvider.getFunctionInfo(Unknown Source)
	at org.eclipse.cdt.internal.ui.text.CHelpSettings.getFunctionInfo(CHelpSettings.java:121)
	at org.eclipse.cdt.internal.ui.CHelpProviderManager.getFunctionInfo(CHelpProviderManager.java:163)
	at org.eclipse.cdt.internal.ui.text.c.hover.CDocHover.getHoverInfo(CDocHover.java:86)
	at org.eclipse.cdt.internal.ui.text.c.hover.AbstractCEditorTextHover.getHoverInfo2(AbstractCEditorTextHover.java:84)
	at org.eclipse.cdt.internal.ui.text.c.hover.BestMatchHover.getHoverInfo2(BestMatchHover.java:144)
	at org.eclipse.cdt.internal.ui.text.c.hover.CEditorTextHoverProxy.getHoverInfo2(CEditorTextHoverProxy.java:84)
	at org.eclipse.jface.text.TextViewerHoverManager$4.run(TextViewerHoverManager.java:165)

!ENTRY org.eclipse.cdt.core 4 0 2017-03-04 17:45:45.155
!MESSAGE Error
!STACK 0
java.nio.channels.ClosedByInterruptException
	at java.nio.channels.spi.AbstractInterruptibleChannel.end(AbstractInterruptibleChannel.java:202)
	at sun.nio.ch.FileChannelImpl.size(FileChannelImpl.java:315)
	at org.eclipse.cdt.internal.core.parser.scanner.FileCharArray.create(FileCharArray.java:44)
	at org.eclipse.cdt.internal.core.parser.InternalParserUtil.createFileContent(InternalParserUtil.java:241)
	at org.eclipse.cdt.internal.core.parser.InternalParserUtil.createWorkspaceFileContent(InternalParserUtil.java:164)
	at org.eclipse.cdt.core.parser.FileContent.create(FileContent.java:117)
	at org.eclipse.cdt.internal.core.parser.SavedFilesProvider.getContentForInclusion(SavedFilesProvider.java:35)
	at org.eclipse.cdt.internal.core.parser.scanner.CPreprocessor$1.checkFile(CPreprocessor.java:164)
	at org.eclipse.cdt.internal.core.parser.scanner.CPreprocessor$1.checkFile(CPreprocessor.java:1)
	at org.eclipse.cdt.internal.core.parser.scanner.CPreprocessor.findInclusion(CPreprocessor.java:1241)
	at org.eclipse.cdt.internal.core.parser.scanner.CPreprocessor.executeInclude(CPreprocessor.java:1578)
	at org.eclipse.cdt.internal.core.parser.scanner.CPreprocessor.executeDirective(CPreprocessor.java:1354)
	at org.eclipse.cdt.internal.core.parser.scanner.CPreprocessor.internalFetchToken(CPreprocessor.java:942)
	at org.eclipse.cdt.internal.core.parser.scanner.CPreprocessor.fetchToken(CPreprocessor.java:641)
	at org.eclipse.cdt.internal.core.parser.scanner.CPreprocessor.nextToken(CPreprocessor.java:738)
	at org.eclipse.cdt.internal.core.dom.parser.AbstractGNUSourceCodeParser.fetchToken(AbstractGNUSourceCodeParser.java:283)
	at org.eclipse.cdt.internal.core.dom.parser.AbstractGNUSourceCodeParser.nextToken(AbstractGNUSourceCodeParser.java:307)
	at org.eclipse.cdt.internal.core.dom.parser.AbstractGNUSourceCodeParser.acceptInactiveCodeBoundary(AbstractGNUSourceCodeParser.java:368)
	at org.eclipse.cdt.internal.core.dom.parser.AbstractGNUSourceCodeParser.declarationList(AbstractGNUSourceCodeParser.java:1339)
	at org.eclipse.cdt.internal.core.dom.parser.AbstractGNUSourceCodeParser.parseTranslationUnit(AbstractGNUSourceCodeParser.java:1312)
	at org.eclipse.cdt.internal.core.dom.parser.AbstractGNUSourceCodeParser.translationUnit(AbstractGNUSourceCodeParser.java:1307)
	at org.eclipse.cdt.internal.core.dom.parser.AbstractGNUSourceCodeParser.parse(AbstractGNUSourceCodeParser.java:664)
	at org.eclipse.cdt.core.dom.parser.AbstractCLikeLanguage.getASTTranslationUnit(AbstractCLikeLanguage.java:167)
	at org.eclipse.cdt.internal.core.model.TranslationUnit.getAST(TranslationUnit.java:876)
	at org.eclipse.cdt.internal.core.model.TranslationUnit.getAST(TranslationUnit.java:826)
	at sun.reflect.GeneratedMethodAccessor109.invoke(Unknown Source)
	at sun.reflect.DelegatingMethodAccessorImpl.invoke(DelegatingMethodAccessorImpl.java:43)
	at java.lang.reflect.Method.invoke(Method.java:498)
	at org.eclipse.rtsc.xdctools.ui.contentassist.RTSCHelpProvider.getFunctionSummaries(Unknown Source)
	at org.eclipse.rtsc.xdctools.ui.contentassist.RTSCHelpProvider.getFunctionInfo(Unknown Source)
	at org.eclipse.rtsc.xdctools.ui.contentassist.RTSCHelpProvider.getFunctionInfo(Unknown Source)
	at org.eclipse.cdt.internal.ui.text.CHelpSettings.getFunctionInfo(CHelpSettings.java:121)
	at org.eclipse.cdt.internal.ui.CHelpProviderManager.getFunctionInfo(CHelpProviderManager.java:163)
	at org.eclipse.cdt.internal.ui.text.c.hover.CDocHover.getHoverInfo(CDocHover.java:86)
	at org.eclipse.cdt.internal.ui.text.c.hover.AbstractCEditorTextHover.getHoverInfo2(AbstractCEditorTextHover.java:84)
	at org.eclipse.cdt.internal.ui.text.c.hover.BestMatchHover.getHoverInfo2(BestMatchHover.java:144)
	at org.eclipse.cdt.internal.ui.text.c.hover.CEditorTextHoverProxy.getHoverInfo2(CEditorTextHoverProxy.java:84)
	at org.eclipse.jface.text.TextViewerHoverManager$4.run(TextViewerHoverManager.java:165)

!ENTRY org.eclipse.cdt.core 4 0 2017-03-04 17:45:45.155
!MESSAGE Error
!STACK 0
java.nio.channels.ClosedByInterruptException
	at java.nio.channels.spi.AbstractInterruptibleChannel.end(AbstractInterruptibleChannel.java:202)
	at sun.nio.ch.FileChannelImpl.size(FileChannelImpl.java:315)
	at org.eclipse.cdt.internal.core.parser.scanner.FileCharArray.create(FileCharArray.java:44)
	at org.eclipse.cdt.internal.core.parser.InternalParserUtil.createFileContent(InternalParserUtil.java:241)
	at org.eclipse.cdt.internal.core.parser.InternalParserUtil.createExternalFileContent(InternalParserUtil.java:224)
	at org.eclipse.cdt.core.parser.FileContent.createForExternalFileLocation(FileContent.java:129)
	at org.eclipse.cdt.core.parser.FileContent.createForExternalFileLocation(FileContent.java:121)
	at org.eclipse.cdt.internal.core.parser.SavedFilesProvider.getContentForInclusion(SavedFilesProvider.java:37)
	at org.eclipse.cdt.internal.core.parser.scanner.CPreprocessor$1.checkFile(CPreprocessor.java:164)
	at org.eclipse.cdt.internal.core.parser.scanner.CPreprocessor$1.checkFile(CPreprocessor.java:1)
	at org.eclipse.cdt.internal.core.parser.scanner.CPreprocessor.findInclusion(CPreprocessor.java:1231)
	at org.eclipse.cdt.internal.core.parser.scanner.CPreprocessor.executeInclude(CPreprocessor.java:1578)
	at org.eclipse.cdt.internal.core.parser.scanner.CPreprocessor.executeDirective(CPreprocessor.java:1354)
	at org.eclipse.cdt.internal.core.parser.scanner.CPreprocessor.internalFetchToken(CPreprocessor.java:942)
	at org.eclipse.cdt.internal.core.parser.scanner.CPreprocessor.fetchToken(CPreprocessor.java:641)
	at org.eclipse.cdt.internal.core.parser.scanner.CPreprocessor.nextToken(CPreprocessor.java:738)
	at org.eclipse.cdt.internal.core.dom.parser.AbstractGNUSourceCodeParser.fetchToken(AbstractGNUSourceCodeParser.java:283)
	at org.eclipse.cdt.internal.core.dom.parser.AbstractGNUSourceCodeParser.nextToken(AbstractGNUSourceCodeParser.java:307)
	at org.eclipse.cdt.internal.core.dom.parser.AbstractGNUSourceCodeParser.acceptInactiveCodeBoundary(AbstractGNUSourceCodeParser.java:368)
	at org.eclipse.cdt.internal.core.dom.parser.AbstractGNUSourceCodeParser.declarationList(AbstractGNUSourceCodeParser.java:1339)
	at org.eclipse.cdt.internal.core.dom.parser.AbstractGNUSourceCodeParser.parseTranslationUnit(AbstractGNUSourceCodeParser.java:1312)
	at org.eclipse.cdt.internal.core.dom.parser.AbstractGNUSourceCodeParser.translationUnit(AbstractGNUSourceCodeParser.java:1307)
	at org.eclipse.cdt.internal.core.dom.parser.AbstractGNUSourceCodeParser.parse(AbstractGNUSourceCodeParser.java:664)
	at org.eclipse.cdt.core.dom.parser.AbstractCLikeLanguage.getASTTranslationUnit(AbstractCLikeLanguage.java:167)
	at org.eclipse.cdt.internal.core.model.TranslationUnit.getAST(TranslationUnit.java:876)
	at org.eclipse.cdt.internal.core.model.TranslationUnit.getAST(TranslationUnit.java:826)
	at sun.reflect.GeneratedMethodAccessor109.invoke(Unknown Source)
	at sun.reflect.DelegatingMethodAccessorImpl.invoke(DelegatingMethodAccessorImpl.java:43)
	at java.lang.reflect.Method.invoke(Method.java:498)
	at org.eclipse.rtsc.xdctools.ui.contentassist.RTSCHelpProvider.getFunctionSummaries(Unknown Source)
	at org.eclipse.rtsc.xdctools.ui.contentassist.RTSCHelpProvider.getFunctionInfo(Unknown Source)
	at org.eclipse.rtsc.xdctools.ui.contentassist.RTSCHelpProvider.getFunctionInfo(Unknown Source)
	at org.eclipse.cdt.internal.ui.text.CHelpSettings.getFunctionInfo(CHelpSettings.java:121)
	at org.eclipse.cdt.internal.ui.CHelpProviderManager.getFunctionInfo(CHelpProviderManager.java:163)
	at org.eclipse.cdt.internal.ui.text.c.hover.CDocHover.getHoverInfo(CDocHover.java:86)
	at org.eclipse.cdt.internal.ui.text.c.hover.AbstractCEditorTextHover.getHoverInfo2(AbstractCEditorTextHover.java:84)
	at org.eclipse.cdt.internal.ui.text.c.hover.BestMatchHover.getHoverInfo2(BestMatchHover.java:144)
	at org.eclipse.cdt.internal.ui.text.c.hover.CEditorTextHoverProxy.getHoverInfo2(CEditorTextHoverProxy.java:84)
	at org.eclipse.jface.text.TextViewerHoverManager$4.run(TextViewerHoverManager.java:165)
