
**** Build of configuration Debug for project Serial_Interface_playground ****

"C:\\ti\\ccsv7\\utils\\bin\\gmake" -k all 
gmake: Nothing to be done for 'all'.

**** Build Finished ****

**** Build of configuration Debug for project Serial_Interface_playground ****

"C:\\ti\\ccsv7\\utils\\bin\\gmake" -k all 
'Building file: ../main.c'
'Invoking: MSP430 Compiler'
"C:/ti/ccsv7/tools/compiler/ti-cgt-msp430_16.9.0.LTS/bin/cl430" -vmspx --data_model=restricted --use_hw_mpy=F5 --include_path="C:/ti/ccsv7/ccs_base/msp430/include" --include_path="C:/ti/ccsv7/tools/compiler/ti-cgt-msp430_16.9.0.LTS/include" --advice:power=all -g --define=__MSP430F5529__ --diag_warning=225 --diag_wrap=off --display_error_number --silicon_errata=CPU21 --silicon_errata=CPU22 --silicon_errata=CPU23 --silicon_errata=CPU40 --printf_support=minimal --preproc_with_compile --preproc_dependency="main.d"  "../main.c"
"../main.c", line 22: remark #1527-D: (ULP 2.1) Detected SW delay loop using __delay_cycles. Recommend using a timer module instead
'Finished building: ../main.c'
' '
'Building target: Serial_Interface_playground.out'
'Invoking: MSP430 Linker'
"C:/ti/ccsv7/tools/compiler/ti-cgt-msp430_16.9.0.LTS/bin/cl430" -vmspx --data_model=restricted --use_hw_mpy=F5 --advice:power=all -g --define=__MSP430F5529__ --diag_warning=225 --diag_wrap=off --display_error_number --silicon_errata=CPU21 --silicon_errata=CPU22 --silicon_errata=CPU23 --silicon_errata=CPU40 --printf_support=minimal -z -m"Serial_Interface_playground.map" --stack_size=160 --heap_size=160 --cinit_hold_wdt=on -i"C:/ti/ccsv7/ccs_base/msp430/include" -i"C:/ti/ccsv7/ccs_base/msp430/lib/5xx_6xx_FRxx" -i"C:/ti/ccsv7/tools/compiler/ti-cgt-msp430_16.9.0.LTS/lib" -i"C:/ti/ccsv7/tools/compiler/ti-cgt-msp430_16.9.0.LTS/include" --reread_libs --warn_sections --display_error_number --diag_wrap=off --xml_link_info="Serial_Interface_playground_linkInfo.xml" --use_hw_mpy=F5 --rom_model -o "Serial_Interface_playground.out" "./General_JMP.obj" "./Serial_JMP.obj" "./main.obj" "../lnk_msp430f5529.cmd"  -llibmath.a -llibc.a 
<Linking>
remark #10372-D: (ULP 4.1) Detected uninitialized Port A in this project. Recommend initializing all unused ports to eliminate wasted current consumption on unused pins.
remark #10372-D: (ULP 4.1) Detected uninitialized Port C in this project. Recommend initializing all unused ports to eliminate wasted current consumption on unused pins.
remark #10372-D: (ULP 4.1) Detected uninitialized Port D in this project. Recommend initializing all unused ports to eliminate wasted current consumption on unused pins.
'Finished building target: Serial_Interface_playground.out'
' '

**** Build Finished ****

**** Build of configuration Debug for project Serial_Interface_playground ****

"C:\\ti\\ccsv7\\utils\\bin\\gmake" -k all 
gmake: Nothing to be done for 'all'.

**** Build Finished ****

**** Build of configuration Debug for project Serial_Interface_playground ****

"C:\\ti\\ccsv7\\utils\\bin\\gmake" -k all 
gmake: Nothing to be done for 'all'.

**** Build Finished ****

**** Build of configuration Debug for project Serial_Interface_playground ****

"C:\\ti\\ccsv7\\utils\\bin\\gmake" -k all 
'Building file: ../main.c'
'Invoking: MSP430 Compiler'
"C:/ti/ccsv7/tools/compiler/ti-cgt-msp430_16.9.0.LTS/bin/cl430" -vmspx --data_model=restricted --use_hw_mpy=F5 --include_path="C:/ti/ccsv7/ccs_base/msp430/include" --include_path="C:/ti/ccsv7/tools/compiler/ti-cgt-msp430_16.9.0.LTS/include" --advice:power=all -g --define=__MSP430F5529__ --diag_warning=225 --diag_wrap=off --display_error_number --silicon_errata=CPU21 --silicon_errata=CPU22 --silicon_errata=CPU23 --silicon_errata=CPU40 --printf_support=minimal --preproc_with_compile --preproc_dependency="main.d"  "../main.c"
"../main.c", line 22: remark #1527-D: (ULP 2.1) Detected SW delay loop using __delay_cycles. Recommend using a timer module instead
'Finished building: ../main.c'
' '
'Building target: Serial_Interface_playground.out'
'Invoking: MSP430 Linker'
"C:/ti/ccsv7/tools/compiler/ti-cgt-msp430_16.9.0.LTS/bin/cl430" -vmspx --data_model=restricted --use_hw_mpy=F5 --advice:power=all -g --define=__MSP430F5529__ --diag_warning=225 --diag_wrap=off --display_error_number --silicon_errata=CPU21 --silicon_errata=CPU22 --silicon_errata=CPU23 --silicon_errata=CPU40 --printf_support=minimal -z -m"Serial_Interface_playground.map" --stack_size=160 --heap_size=160 --cinit_hold_wdt=on -i"C:/ti/ccsv7/ccs_base/msp430/include" -i"C:/ti/ccsv7/ccs_base/msp430/lib/5xx_6xx_FRxx" -i"C:/ti/ccsv7/tools/compiler/ti-cgt-msp430_16.9.0.LTS/lib" -i"C:/ti/ccsv7/tools/compiler/ti-cgt-msp430_16.9.0.LTS/include" --reread_libs --warn_sections --display_error_number --diag_wrap=off --xml_link_info="Serial_Interface_playground_linkInfo.xml" --use_hw_mpy=F5 --rom_model -o "Serial_Interface_playground.out" "./General_JMP.obj" "./Serial_JMP.obj" "./main.obj" "../lnk_msp430f5529.cmd"  -llibmath.a -llibc.a 
<Linking>
remark #10372-D: (ULP 4.1) Detected uninitialized Port A in this project. Recommend initializing all unused ports to eliminate wasted current consumption on unused pins.
remark #10372-D: (ULP 4.1) Detected uninitialized Port C in this project. Recommend initializing all unused ports to eliminate wasted current consumption on unused pins.
remark #10372-D: (ULP 4.1) Detected uninitialized Port D in this project. Recommend initializing all unused ports to eliminate wasted current consumption on unused pins.
'Finished building target: Serial_Interface_playground.out'
' '

**** Build Finished ****

**** Build of configuration Debug for project Razer IMU Beta ****

"C:\\ti\\ccsv7\\utils\\bin\\gmake" -k all 
'Building file: ../Serial_JMP.c'
'Invoking: MSP430 Compiler'
"C:/ti/ccsv7/tools/compiler/ti-cgt-msp430_16.9.0.LTS/bin/cl430" -vmspx --data_model=restricted --use_hw_mpy=F5 --include_path="C:/ti/ccsv7/ccs_base/msp430/include" --include_path="C:/ti/ccsv7/tools/compiler/ti-cgt-msp430_16.9.0.LTS/include" --advice:power=all -g --define=__MSP430F5529__ --diag_warning=225 --diag_wrap=off --display_error_number --silicon_errata=CPU21 --silicon_errata=CPU22 --silicon_errata=CPU23 --silicon_errata=CPU40 --printf_support=minimal --preproc_with_compile --preproc_dependency="Serial_JMP.d"  "../Serial_JMP.c"
"../Serial_JMP.c", line 64: remark #1527-D: (ULP 2.1) Detected SW delay loop using __delay_cycles. Recommend using a timer module instead
"../Serial_JMP.c", line 77: remark #1528-D: (ULP 3.1) Detected flag polling using UCTXIFG. Recommend using an interrupt combined with enter LPMx and ISR
"../Serial_JMP.c", line 226: remark #1527-D: (ULP 2.1) Detected SW delay loop using __delay_cycles. Recommend using a timer module instead
"../Serial_JMP.c", line 239: remark #1528-D: (ULP 3.1) Detected flag polling using UCTXIFG. Recommend using an interrupt combined with enter LPMx and ISR
"../Serial_JMP.c", line 404: remark #1527-D: (ULP 2.1) Detected SW delay loop using empty loop. Recommend using a timer module instead
"../Serial_JMP.c", line 426: remark #1527-D: (ULP 2.1) Detected SW delay loop using empty loop. Recommend using a timer module instead
"../Serial_JMP.c", line 430: remark #1527-D: (ULP 2.1) Detected SW delay loop using empty loop. Recommend using a timer module instead
"../Serial_JMP.c", line 509: remark #1530-D: (ULP 5.1) Detected divide operation(s). Recommend moving them to RAM during run time or not using as these are processing/power intensive
'Finished building: ../Serial_JMP.c'
' '
'Building file: ../main.c'
'Invoking: MSP430 Compiler'
"C:/ti/ccsv7/tools/compiler/ti-cgt-msp430_16.9.0.LTS/bin/cl430" -vmspx --data_model=restricted --use_hw_mpy=F5 --include_path="C:/ti/ccsv7/ccs_base/msp430/include" --include_path="C:/ti/ccsv7/tools/compiler/ti-cgt-msp430_16.9.0.LTS/include" --advice:power=all -g --define=__MSP430F5529__ --diag_warning=225 --diag_wrap=off --display_error_number --silicon_errata=CPU21 --silicon_errata=CPU22 --silicon_errata=CPU23 --silicon_errata=CPU40 --printf_support=minimal --preproc_with_compile --preproc_dependency="main.d"  "../main.c"

>> Compilation failure
subdir_rules.mk:30: recipe for target 'main.obj' failed
"../main.c", line 55: remark #1530-D: (ULP 5.1) Detected divide operation(s). Recommend moving them to RAM during run time or not using as these are processing/power intensive
"../main.c", line 110: warning #9-D: nested comment is not allowed
"../main.c", line 111: warning #9-D: nested comment is not allowed
"../main.c", line 112: error #20: identifier "i" is undefined
"../main.c", line 113: error #20: identifier "inBuffer" is undefined
"../main.c", line 116: error #20: identifier "inbuffer" is undefined
"../main.c", line 121: warning #225-D: function "snprintf" declared implicitly
"../main.c", line 121: warning #551-D: variable "buff" is used before its value is set
"../main.c", line 122: warning #169-D: argument of type "unsigned char *" is incompatible with parameter of type "char *"
"../main.c", line 121: remark #1532-D: (ULP 5.3) Detected snprintf() operation(s). Recommend moving them to RAM during run time or not using as these are processing/power intensive
"../main.c", line 168: remark #1527-D: (ULP 2.1) Detected SW delay loop using __delay_cycles. Recommend using a timer module instead
3 errors detected in the compilation of "../main.c".
gmake: *** [main.obj] Error 1
gmake: Target 'all' not remade because of errors.

**** Build Finished ****

**** Build of configuration Debug for project Razer IMU Beta ****

"C:\\ti\\ccsv7\\utils\\bin\\gmake" -k all 
'Building file: ../main.c'
'Invoking: MSP430 Compiler'
"C:/ti/ccsv7/tools/compiler/ti-cgt-msp430_16.9.0.LTS/bin/cl430" -vmspx --data_model=restricted --use_hw_mpy=F5 --include_path="C:/ti/ccsv7/ccs_base/msp430/include" --include_path="C:/ti/ccsv7/tools/compiler/ti-cgt-msp430_16.9.0.LTS/include" --advice:power=all -g --define=__MSP430F5529__ --diag_warning=225 --diag_wrap=off --display_error_number --silicon_errata=CPU21 --silicon_errata=CPU22 --silicon_errata=CPU23 --silicon_errata=CPU40 --printf_support=minimal --preproc_with_compile --preproc_dependency="main.d"  "../main.c"

>> Compilation failure
subdir_rules.mk:30: recipe for target 'main.obj' failed
"../main.c", line 55: remark #1530-D: (ULP 5.1) Detected divide operation(s). Recommend moving them to RAM during run time or not using as these are processing/power intensive
"../main.c", line 111: warning #9-D: nested comment is not allowed
"../main.c", line 112: error #20: identifier "i" is undefined
"../main.c", line 113: error #20: identifier "inBuffer" is undefined
"../main.c", line 116: error #20: identifier "inbuffer" is undefined
"../main.c", line 121: warning #225-D: function "snprintf" declared implicitly
"../main.c", line 121: warning #551-D: variable "buff" is used before its value is set
"../main.c", line 122: warning #169-D: argument of type "unsigned char *" is incompatible with parameter of type "char *"
"../main.c", line 121: remark #1532-D: (ULP 5.3) Detected snprintf() operation(s). Recommend moving them to RAM during run time or not using as these are processing/power intensive
"../main.c", line 168: remark #1527-D: (ULP 2.1) Detected SW delay loop using __delay_cycles. Recommend using a timer module instead
3 errors detected in the compilation of "../main.c".
gmake: *** [main.obj] Error 1
gmake: Target 'all' not remade because of errors.

**** Build Finished ****

**** Build of configuration Debug for project Razer IMU Beta ****

"C:\\ti\\ccsv7\\utils\\bin\\gmake" -k all 
'Building file: ../main.c'
'Invoking: MSP430 Compiler'
"C:/ti/ccsv7/tools/compiler/ti-cgt-msp430_16.9.0.LTS/bin/cl430" -vmspx --data_model=restricted --use_hw_mpy=F5 --include_path="C:/ti/ccsv7/ccs_base/msp430/include" --include_path="C:/ti/ccsv7/tools/compiler/ti-cgt-msp430_16.9.0.LTS/include" --advice:power=all -g --define=__MSP430F5529__ --diag_warning=225 --diag_wrap=off --display_error_number --silicon_errata=CPU21 --silicon_errata=CPU22 --silicon_errata=CPU23 --silicon_errata=CPU40 --printf_support=minimal --preproc_with_compile --preproc_dependency="main.d"  "../main.c"

>> Compilation failure
subdir_rules.mk:30: recipe for target 'main.obj' failed
"../main.c", line 55: remark #1530-D: (ULP 5.1) Detected divide operation(s). Recommend moving them to RAM during run time or not using as these are processing/power intensive
"../main.c", line 127: warning #9-D: nested comment is not allowed
"../main.c", line 164: error #66: expected a ";"
At end of source: warning #12-D: parsing restarts here after previous syntax error
At end of source: error #68: expected a "}"
2 errors detected in the compilation of "../main.c".
gmake: *** [main.obj] Error 1
gmake: Target 'all' not remade because of errors.

**** Build Finished ****

**** Build of configuration Debug for project Razer IMU Beta ****

"C:\\ti\\ccsv7\\utils\\bin\\gmake" -k all 
'Building file: ../main.c'
'Invoking: MSP430 Compiler'
"C:/ti/ccsv7/tools/compiler/ti-cgt-msp430_16.9.0.LTS/bin/cl430" -vmspx --data_model=restricted --use_hw_mpy=F5 --include_path="C:/ti/ccsv7/ccs_base/msp430/include" --include_path="C:/ti/ccsv7/tools/compiler/ti-cgt-msp430_16.9.0.LTS/include" --advice:power=all -g --define=__MSP430F5529__ --diag_warning=225 --diag_wrap=off --display_error_number --silicon_errata=CPU21 --silicon_errata=CPU22 --silicon_errata=CPU23 --silicon_errata=CPU40 --printf_support=minimal --preproc_with_compile --preproc_dependency="main.d"  "../main.c"

>> Compilation failure
subdir_rules.mk:30: recipe for target 'main.obj' failed
"../main.c", line 55: remark #1530-D: (ULP 5.1) Detected divide operation(s). Recommend moving them to RAM during run time or not using as these are processing/power intensive
"../main.c", line 111: error #29: expected an expression
"../main.c", line 120: warning #12-D: parsing restarts here after previous syntax error
"../main.c", line 121: warning #225-D: function "snprintf" declared implicitly
"../main.c", line 121: error #20: identifier "buff" is undefined
"../main.c", line 121: remark #1532-D: (ULP 5.3) Detected snprintf() operation(s). Recommend moving them to RAM during run time or not using as these are processing/power intensive
"../main.c", line 168: remark #1527-D: (ULP 2.1) Detected SW delay loop using __delay_cycles. Recommend using a timer module instead
2 errors detected in the compilation of "../main.c".
gmake: *** [main.obj] Error 1
gmake: Target 'all' not remade because of errors.

**** Build Finished ****

**** Build of configuration Debug for project Razer IMU Beta ****

"C:\\ti\\ccsv7\\utils\\bin\\gmake" -k all 
'Building file: ../main.c'
'Invoking: MSP430 Compiler'
"C:/ti/ccsv7/tools/compiler/ti-cgt-msp430_16.9.0.LTS/bin/cl430" -vmspx --data_model=restricted --use_hw_mpy=F5 --include_path="C:/ti/ccsv7/ccs_base/msp430/include" --include_path="C:/ti/ccsv7/tools/compiler/ti-cgt-msp430_16.9.0.LTS/include" --advice:power=all -g --define=__MSP430F5529__ --diag_warning=225 --diag_wrap=off --display_error_number --silicon_errata=CPU21 --silicon_errata=CPU22 --silicon_errata=CPU23 --silicon_errata=CPU40 --printf_support=minimal --preproc_with_compile --preproc_dependency="main.d"  "../main.c"

>> Compilation failure
subdir_rules.mk:30: recipe for target 'main.obj' failed
"../main.c", line 55: remark #1530-D: (ULP 5.1) Detected divide operation(s). Recommend moving them to RAM during run time or not using as these are processing/power intensive
"../main.c", line 112: error #20: identifier "i" is undefined
"../main.c", line 113: error #20: identifier "inBuffer" is undefined
"../main.c", line 116: error #20: identifier "inbuffer" is undefined
"../main.c", line 121: warning #225-D: function "snprintf" declared implicitly
"../main.c", line 121: warning #551-D: variable "buff" is used before its value is set
"../main.c", line 122: warning #169-D: argument of type "unsigned char *" is incompatible with parameter of type "char *"
"../main.c", line 121: remark #1532-D: (ULP 5.3) Detected snprintf() operation(s). Recommend moving them to RAM during run time or not using as these are processing/power intensive
"../main.c", line 168: remark #1527-D: (ULP 2.1) Detected SW delay loop using __delay_cycles. Recommend using a timer module instead
3 errors detected in the compilation of "../main.c".
gmake: *** [main.obj] Error 1
gmake: Target 'all' not remade because of errors.

**** Build Finished ****

**** Build of configuration Debug for project Razer IMU Beta ****

"C:\\ti\\ccsv7\\utils\\bin\\gmake" -k all 
'Building file: ../main.c'
'Invoking: MSP430 Compiler'
"C:/ti/ccsv7/tools/compiler/ti-cgt-msp430_16.9.0.LTS/bin/cl430" -vmspx --data_model=restricted --use_hw_mpy=F5 --include_path="C:/ti/ccsv7/ccs_base/msp430/include" --include_path="C:/ti/ccsv7/tools/compiler/ti-cgt-msp430_16.9.0.LTS/include" --advice:power=all -g --define=__MSP430F5529__ --diag_warning=225 --diag_wrap=off --display_error_number --silicon_errata=CPU21 --silicon_errata=CPU22 --silicon_errata=CPU23 --silicon_errata=CPU40 --printf_support=minimal --preproc_with_compile --preproc_dependency="main.d"  "../main.c"

>> Compilation failure
subdir_rules.mk:30: recipe for target 'main.obj' failed
"../main.c", line 55: remark #1530-D: (ULP 5.1) Detected divide operation(s). Recommend moving them to RAM during run time or not using as these are processing/power intensive
"../main.c", line 113: error #20: identifier "inBuffer" is undefined
"../main.c", line 116: error #20: identifier "inbuffer" is undefined
"../main.c", line 121: warning #225-D: function "snprintf" declared implicitly
"../main.c", line 121: warning #551-D: variable "buff" is used before its value is set
"../main.c", line 122: warning #169-D: argument of type "unsigned char *" is incompatible with parameter of type "char *"
"../main.c", line 112: remark #1544-D: (ULP 13.1) Detected loop counting up. Recommend loops count down as detecting zeros is easier
"../main.c", line 115: remark #1544-D: (ULP 13.1) Detected loop counting up. Recommend loops count down as detecting zeros is easier
"../main.c", line 116: remark #2553-D: (ULP 14.1) Array index (involving "i") of type "int". Recommend using "unsigned int"
"../main.c", line 117: remark #2553-D: (ULP 14.1) Array index (involving "i") of type "int". Recommend using "unsigned int"
"../main.c", line 118: remark #2553-D: (ULP 14.1) Array index (involving "i") of type "int". Recommend using "unsigned int"
"../main.c", line 121: remark #1532-D: (ULP 5.3) Detected snprintf() operation(s). Recommend moving them to RAM during run time or not using as these are processing/power intensive
"../main.c", line 168: remark #1527-D: (ULP 2.1) Detected SW delay loop using __delay_cycles. Recommend using a timer module instead
2 errors detected in the compilation of "../main.c".
gmake: *** [main.obj] Error 1
gmake: Target 'all' not remade because of errors.

**** Build Finished ****

**** Build of configuration Debug for project Razer IMU Beta ****

"C:\\ti\\ccsv7\\utils\\bin\\gmake" -k all 
'Building file: ../main.c'
'Invoking: MSP430 Compiler'
"C:/ti/ccsv7/tools/compiler/ti-cgt-msp430_16.9.0.LTS/bin/cl430" -vmspx --data_model=restricted --use_hw_mpy=F5 --include_path="C:/ti/ccsv7/ccs_base/msp430/include" --include_path="C:/ti/ccsv7/tools/compiler/ti-cgt-msp430_16.9.0.LTS/include" --advice:power=all -g --define=__MSP430F5529__ --diag_warning=225 --diag_wrap=off --display_error_number --silicon_errata=CPU21 --silicon_errata=CPU22 --silicon_errata=CPU23 --silicon_errata=CPU40 --printf_support=minimal --preproc_with_compile --preproc_dependency="main.d"  "../main.c"

>> Compilation failure
subdir_rules.mk:30: recipe for target 'main.obj' failed
"../main.c", line 55: remark #1530-D: (ULP 5.1) Detected divide operation(s). Recommend moving them to RAM during run time or not using as these are processing/power intensive
"../main.c", line 113: warning #169-D: argument of type "unsigned char" is incompatible with parameter of type "char *"
"../main.c", line 116: error #20: identifier "inbuffer" is undefined
"../main.c", line 121: warning #225-D: function "snprintf" declared implicitly
"../main.c", line 121: warning #551-D: variable "buff" is used before its value is set
"../main.c", line 122: warning #169-D: argument of type "unsigned char *" is incompatible with parameter of type "char *"
"../main.c", line 112: remark #1544-D: (ULP 13.1) Detected loop counting up. Recommend loops count down as detecting zeros is easier
"../main.c", line 113: remark #2553-D: (ULP 14.1) Array index (involving "i") of type "int". Recommend using "unsigned int"
"../main.c", line 115: remark #1544-D: (ULP 13.1) Detected loop counting up. Recommend loops count down as detecting zeros is easier
"../main.c", line 116: remark #2553-D: (ULP 14.1) Array index (involving "i") of type "int". Recommend using "unsigned int"
"../main.c", line 117: remark #2553-D: (ULP 14.1) Array index (involving "i") of type "int". Recommend using "unsigned int"
"../main.c", line 118: remark #2553-D: (ULP 14.1) Array index (involving "i") of type "int". Recommend using "unsigned int"
"../main.c", line 121: remark #1532-D: (ULP 5.3) Detected snprintf() operation(s). Recommend moving them to RAM during run time or not using as these are processing/power intensive
"../main.c", line 168: remark #1527-D: (ULP 2.1) Detected SW delay loop using __delay_cycles. Recommend using a timer module instead
1 error detected in the compilation of "../main.c".
gmake: *** [main.obj] Error 1
gmake: Target 'all' not remade because of errors.

**** Build Finished ****

**** Build of configuration Debug for project Razer IMU Beta ****

"C:\\ti\\ccsv7\\utils\\bin\\gmake" -k all 
'Building file: ../main.c'
'Invoking: MSP430 Compiler'
"C:/ti/ccsv7/tools/compiler/ti-cgt-msp430_16.9.0.LTS/bin/cl430" -vmspx --data_model=restricted --use_hw_mpy=F5 --include_path="C:/ti/ccsv7/ccs_base/msp430/include" --include_path="C:/ti/ccsv7/tools/compiler/ti-cgt-msp430_16.9.0.LTS/include" --advice:power=all -g --define=__MSP430F5529__ --diag_warning=225 --diag_wrap=off --display_error_number --silicon_errata=CPU21 --silicon_errata=CPU22 --silicon_errata=CPU23 --silicon_errata=CPU40 --printf_support=minimal --preproc_with_compile --preproc_dependency="main.d"  "../main.c"

>> Compilation failure
subdir_rules.mk:30: recipe for target 'main.obj' failed
"../main.c", line 55: remark #1530-D: (ULP 5.1) Detected divide operation(s). Recommend moving them to RAM during run time or not using as these are processing/power intensive
"../main.c", line 113: warning #169-D: argument of type "char" is incompatible with parameter of type "char *"
"../main.c", line 116: error #20: identifier "inbuffer" is undefined
"../main.c", line 121: warning #225-D: function "snprintf" declared implicitly
"../main.c", line 121: warning #551-D: variable "buff" is used before its value is set
"../main.c", line 122: warning #169-D: argument of type "unsigned char *" is incompatible with parameter of type "char *"
"../main.c", line 112: remark #1544-D: (ULP 13.1) Detected loop counting up. Recommend loops count down as detecting zeros is easier
"../main.c", line 113: remark #2553-D: (ULP 14.1) Array index (involving "i") of type "int". Recommend using "unsigned int"
"../main.c", line 115: remark #1544-D: (ULP 13.1) Detected loop counting up. Recommend loops count down as detecting zeros is easier
"../main.c", line 116: remark #2553-D: (ULP 14.1) Array index (involving "i") of type "int". Recommend using "unsigned int"
"../main.c", line 117: remark #2553-D: (ULP 14.1) Array index (involving "i") of type "int". Recommend using "unsigned int"
"../main.c", line 118: remark #2553-D: (ULP 14.1) Array index (involving "i") of type "int". Recommend using "unsigned int"
"../main.c", line 121: remark #1532-D: (ULP 5.3) Detected snprintf() operation(s). Recommend moving them to RAM during run time or not using as these are processing/power intensive
"../main.c", line 168: remark #1527-D: (ULP 2.1) Detected SW delay loop using __delay_cycles. Recommend using a timer module instead
1 error detected in the compilation of "../main.c".
gmake: *** [main.obj] Error 1
gmake: Target 'all' not remade because of errors.

**** Build Finished ****

**** Build of configuration Debug for project Razer IMU Beta ****

"C:\\ti\\ccsv7\\utils\\bin\\gmake" -k all 
'Building file: ../main.c'
'Invoking: MSP430 Compiler'
"C:/ti/ccsv7/tools/compiler/ti-cgt-msp430_16.9.0.LTS/bin/cl430" -vmspx --data_model=restricted --use_hw_mpy=F5 --include_path="C:/ti/ccsv7/ccs_base/msp430/include" --include_path="C:/ti/ccsv7/tools/compiler/ti-cgt-msp430_16.9.0.LTS/include" --advice:power=all -g --define=__MSP430F5529__ --diag_warning=225 --diag_wrap=off --display_error_number --silicon_errata=CPU21 --silicon_errata=CPU22 --silicon_errata=CPU23 --silicon_errata=CPU40 --printf_support=minimal --preproc_with_compile --preproc_dependency="main.d"  "../main.c"

>> Compilation failure
subdir_rules.mk:30: recipe for target 'main.obj' failed
"../main.c", line 55: remark #1530-D: (ULP 5.1) Detected divide operation(s). Recommend moving them to RAM during run time or not using as these are processing/power intensive
"../main.c", line 116: error #20: identifier "inbuffer" is undefined
"../main.c", line 121: warning #225-D: function "snprintf" declared implicitly
"../main.c", line 121: warning #551-D: variable "buff" is used before its value is set
"../main.c", line 122: warning #169-D: argument of type "unsigned char *" is incompatible with parameter of type "char *"
"../main.c", line 112: remark #1544-D: (ULP 13.1) Detected loop counting up. Recommend loops count down as detecting zeros is easier
"../main.c", line 113: remark #2553-D: (ULP 14.1) Array index (involving "i") of type "int". Recommend using "unsigned int"
"../main.c", line 115: remark #1544-D: (ULP 13.1) Detected loop counting up. Recommend loops count down as detecting zeros is easier
"../main.c", line 116: remark #2553-D: (ULP 14.1) Array index (involving "i") of type "int". Recommend using "unsigned int"
"../main.c", line 117: remark #2553-D: (ULP 14.1) Array index (involving "i") of type "int". Recommend using "unsigned int"
"../main.c", line 118: remark #2553-D: (ULP 14.1) Array index (involving "i") of type "int". Recommend using "unsigned int"
"../main.c", line 121: remark #1532-D: (ULP 5.3) Detected snprintf() operation(s). Recommend moving them to RAM during run time or not using as these are processing/power intensive
"../main.c", line 168: remark #1527-D: (ULP 2.1) Detected SW delay loop using __delay_cycles. Recommend using a timer module instead
1 error detected in the compilation of "../main.c".
gmake: *** [main.obj] Error 1
gmake: Target 'all' not remade because of errors.

**** Build Finished ****

**** Build of configuration Debug for project Razer IMU Beta ****

"C:\\ti\\ccsv7\\utils\\bin\\gmake" -k all 
'Building file: ../main.c'
'Invoking: MSP430 Compiler'
"C:/ti/ccsv7/tools/compiler/ti-cgt-msp430_16.9.0.LTS/bin/cl430" -vmspx --data_model=restricted --use_hw_mpy=F5 --include_path="C:/ti/ccsv7/ccs_base/msp430/include" --include_path="C:/ti/ccsv7/tools/compiler/ti-cgt-msp430_16.9.0.LTS/include" --advice:power=all -g --define=__MSP430F5529__ --diag_warning=225 --diag_wrap=off --display_error_number --silicon_errata=CPU21 --silicon_errata=CPU22 --silicon_errata=CPU23 --silicon_errata=CPU40 --printf_support=minimal --preproc_with_compile --preproc_dependency="main.d"  "../main.c"

>> Compilation failure
subdir_rules.mk:30: recipe for target 'main.obj' failed
"../main.c", line 55: remark #1530-D: (ULP 5.1) Detected divide operation(s). Recommend moving them to RAM during run time or not using as these are processing/power intensive
"../main.c", line 116: error #160: expression must be an lvalue or a function designator
"../main.c", line 117: error #160: expression must be an lvalue or a function designator
"../main.c", line 118: error #160: expression must be an lvalue or a function designator
"../main.c", line 121: warning #225-D: function "snprintf" declared implicitly
"../main.c", line 121: warning #551-D: variable "buff" is used before its value is set
"../main.c", line 122: warning #169-D: argument of type "unsigned char *" is incompatible with parameter of type "char *"
"../main.c", line 112: remark #1544-D: (ULP 13.1) Detected loop counting up. Recommend loops count down as detecting zeros is easier
"../main.c", line 113: remark #2553-D: (ULP 14.1) Array index (involving "i") of type "int". Recommend using "unsigned int"
"../main.c", line 115: remark #1544-D: (ULP 13.1) Detected loop counting up. Recommend loops count down as detecting zeros is easier
"../main.c", line 116: remark #2553-D: (ULP 14.1) Array index (involving "i") of type "int". Recommend using "unsigned int"
"../main.c", line 117: remark #2553-D: (ULP 14.1) Array index (involving "i") of type "int". Recommend using "unsigned int"
"../main.c", line 118: remark #2553-D: (ULP 14.1) Array index (involving "i") of type "int". Recommend using "unsigned int"
"../main.c", line 121: remark #1532-D: (ULP 5.3) Detected snprintf() operation(s). Recommend moving them to RAM during run time or not using as these are processing/power intensive
"../main.c", line 168: remark #1527-D: (ULP 2.1) Detected SW delay loop using __delay_cycles. Recommend using a timer module instead
3 errors detected in the compilation of "../main.c".
gmake: *** [main.obj] Error 1
gmake: Target 'all' not remade because of errors.

**** Build Finished ****

**** Build of configuration Debug for project Full Motor Controller Beta ****

"C:\\ti\\ccsv7\\utils\\bin\\gmake" -k all 
gmake: Nothing to be done for 'all'.

**** Build Finished ****

**** Build of configuration Debug for project Full Motor Controller Beta ****

"C:\\ti\\ccsv7\\utils\\bin\\gmake" -k all 
gmake: Nothing to be done for 'all'.

**** Build Finished ****

**** Build of configuration Debug for project Full Motor Controller Beta ****

"C:\\ti\\ccsv7\\utils\\bin\\gmake" -k all 
'Building file: ../Motors_JMP.c'
'Invoking: MSP430 Compiler'
"C:/ti/ccsv7/tools/compiler/ti-cgt-msp430_16.9.0.LTS/bin/cl430" -vmspx --data_model=restricted --use_hw_mpy=F5 --include_path="C:/ti/ccsv7/ccs_base/msp430/include" --include_path="C:/ti/ccsv7/tools/compiler/ti-cgt-msp430_16.9.0.LTS/include" --advice:power=all -g --define=__MSP430F5529__ --diag_warning=225 --diag_wrap=off --display_error_number --silicon_errata=CPU21 --silicon_errata=CPU22 --silicon_errata=CPU23 --silicon_errata=CPU40 --printf_support=minimal --preproc_with_compile --preproc_dependency="Motors_JMP.d"  "../Motors_JMP.c"
"../Motors_JMP.c", line 151: remark #1530-D: (ULP 5.1) Detected divide operation(s). Recommend moving them to RAM during run time or not using as these are processing/power intensive
'Finished building: ../Motors_JMP.c'
' '
'Building file: ../main.c'
'Invoking: MSP430 Compiler'
"C:/ti/ccsv7/tools/compiler/ti-cgt-msp430_16.9.0.LTS/bin/cl430" -vmspx --data_model=restricted --use_hw_mpy=F5 --include_path="C:/ti/ccsv7/ccs_base/msp430/include" --include_path="C:/ti/ccsv7/tools/compiler/ti-cgt-msp430_16.9.0.LTS/include" --advice:power=all -g --define=__MSP430F5529__ --diag_warning=225 --diag_wrap=off --display_error_number --silicon_errata=CPU21 --silicon_errata=CPU22 --silicon_errata=CPU23 --silicon_errata=CPU40 --printf_support=minimal --preproc_with_compile --preproc_dependency="main.d"  "../main.c"

>> Compilation failure
subdir_rules.mk:30: recipe for target 'main.obj' failed
"../main.c", line 26: error #20: identifier "MOTOR_CAP" is undefined
"../main.c", line 33: error #20: identifier "MOTOR_CAP" is undefined
"../main.c", line 45: error #20: identifier "MOTOR_CAP" is undefined
"../main.c", line 53: error #20: identifier "MOTOR_CAP" is undefined
"../main.c", line 61: error #20: identifier "MOTOR_CAP" is undefined
"../main.c", line 69: error #20: identifier "MOTOR_CAP" is undefined
6 errors detected in the compilation of "../main.c".
gmake: *** [main.obj] Error 1
gmake: Target 'all' not remade because of errors.

**** Build Finished ****

**** Build of configuration Debug for project Full Motor Controller Beta ****

"C:\\ti\\ccsv7\\utils\\bin\\gmake" -k all 
'Building file: ../Motors_JMP.c'
'Invoking: MSP430 Compiler'
"C:/ti/ccsv7/tools/compiler/ti-cgt-msp430_16.9.0.LTS/bin/cl430" -vmspx --data_model=restricted --use_hw_mpy=F5 --include_path="C:/ti/ccsv7/ccs_base/msp430/include" --include_path="C:/ti/ccsv7/tools/compiler/ti-cgt-msp430_16.9.0.LTS/include" --advice:power=all -g --define=__MSP430F5529__ --diag_warning=225 --diag_wrap=off --display_error_number --silicon_errata=CPU21 --silicon_errata=CPU22 --silicon_errata=CPU23 --silicon_errata=CPU40 --printf_support=minimal --preproc_with_compile --preproc_dependency="Motors_JMP.d"  "../Motors_JMP.c"
"../Motors_JMP.c", line 151: remark #1530-D: (ULP 5.1) Detected divide operation(s). Recommend moving them to RAM during run time or not using as these are processing/power intensive
'Finished building: ../Motors_JMP.c'
' '
'Building file: ../main.c'
'Invoking: MSP430 Compiler'
"C:/ti/ccsv7/tools/compiler/ti-cgt-msp430_16.9.0.LTS/bin/cl430" -vmspx --data_model=restricted --use_hw_mpy=F5 --include_path="C:/ti/ccsv7/ccs_base/msp430/include" --include_path="C:/ti/ccsv7/tools/compiler/ti-cgt-msp430_16.9.0.LTS/include" --advice:power=all -g --define=__MSP430F5529__ --diag_warning=225 --diag_wrap=off --display_error_number --silicon_errata=CPU21 --silicon_errata=CPU22 --silicon_errata=CPU23 --silicon_errata=CPU40 --printf_support=minimal --preproc_with_compile --preproc_dependency="main.d"  "../main.c"
'Finished building: ../main.c'
' '
'Building target: Full Motor Controller Beta.out'
'Invoking: MSP430 Linker'
"C:/ti/ccsv7/tools/compiler/ti-cgt-msp430_16.9.0.LTS/bin/cl430" -vmspx --data_model=restricted --use_hw_mpy=F5 --advice:power=all -g --define=__MSP430F5529__ --diag_warning=225 --diag_wrap=off --display_error_number --silicon_errata=CPU21 --silicon_errata=CPU22 --silicon_errata=CPU23 --silicon_errata=CPU40 --printf_support=minimal -z -m"Full Motor Controller Beta.map" --stack_size=160 --heap_size=160 --cinit_hold_wdt=on -i"C:/ti/ccsv7/ccs_base/msp430/include" -i"C:/ti/ccsv7/ccs_base/msp430/lib/5xx_6xx_FRxx" -i"C:/ti/ccsv7/tools/compiler/ti-cgt-msp430_16.9.0.LTS/lib" -i"C:/ti/ccsv7/tools/compiler/ti-cgt-msp430_16.9.0.LTS/include" --reread_libs --warn_sections --display_error_number --diag_wrap=off --xml_link_info="Full Motor Controller Beta_linkInfo.xml" --use_hw_mpy=F5 --rom_model -o "Full Motor Controller Beta.out" "./General_JMP.obj" "./Motors_JMP.obj" "./Serial_JMP.obj" "./main.obj" "../lnk_msp430f5529.cmd"  -llibmath.a -llibc.a 
<Linking>
remark #10372-D: (ULP 4.1) Detected uninitialized Port C in this project. Recommend initializing all unused ports to eliminate wasted current consumption on unused pins.
remark #10372-D: (ULP 4.1) Detected uninitialized Port D in this project. Recommend initializing all unused ports to eliminate wasted current consumption on unused pins.
'Finished building target: Full Motor Controller Beta.out'
' '

**** Build Finished ****

**** Build of configuration Debug for project Full Motor Controller Beta ****

"C:\\ti\\ccsv7\\utils\\bin\\gmake" -k all 
gmake: Nothing to be done for 'all'.

**** Build Finished ****

**** Build of configuration Debug for project Full Motor Controller Beta ****

"C:\\ti\\ccsv7\\utils\\bin\\gmake" -k all 
gmake: Nothing to be done for 'all'.

**** Build Finished ****

**** Build of configuration Debug for project Depth Controller Beta ****

"C:\\ti\\ccsv7\\utils\\bin\\gmake" -k -j 8 all -O 
'Building file: ../MS5837-30BA.c'
'Invoking: MSP430 Compiler'
"C:/ti/ccsv7/tools/compiler/ti-cgt-msp430_16.9.0.LTS/bin/cl430" -vmspx --data_model=restricted --use_hw_mpy=F5 --include_path="C:/ti/ccsv7/ccs_base/msp430/include" --include_path="C:/ti/ccsv7/tools/compiler/ti-cgt-msp430_16.9.0.LTS/include" --advice:power=all --define=__MSP430F5529__ -g --printf_support=minimal --diag_warning=225 --diag_wrap=off --display_error_number --silicon_errata=CPU21 --silicon_errata=CPU22 --silicon_errata=CPU23 --silicon_errata=CPU40 --preproc_with_compile --preproc_dependency="MS5837-30BA.d"  "../MS5837-30BA.c"

>> Compilation failure
subdir_rules.mk:16: recipe for target 'MS5837-30BA.obj' failed
"..\typecast.h", line 31: warning #1-D: last line of file ends without a newline
"../MS5837-30BA.c", line 61: remark #1527-D: (ULP 2.1) Detected SW delay loop using __delay_cycles. Recommend using a timer module instead
"../MS5837-30BA.c", line 72: warning #169-D: argument of type "volatile unsigned char *" is incompatible with parameter of type "unsigned char *"
"../MS5837-30BA.c", line 74: warning #169-D: argument of type "volatile unsigned char *" is incompatible with parameter of type "unsigned char *"
"../MS5837-30BA.c", line 76: warning #169-D: argument of type "volatile unsigned char *" is incompatible with parameter of type "unsigned char *"
"../MS5837-30BA.c", line 78: warning #169-D: argument of type "volatile unsigned char *" is incompatible with parameter of type "unsigned char *"
"../MS5837-30BA.c", line 80: warning #169-D: argument of type "volatile unsigned char *" is incompatible with parameter of type "unsigned char *"
"../MS5837-30BA.c", line 82: warning #169-D: argument of type "volatile unsigned char *" is incompatible with parameter of type "unsigned char *"
"../MS5837-30BA.c", line 89: warning #169-D: argument of type "volatile unsigned char *" is incompatible with parameter of type "unsigned char *"
"../MS5837-30BA.c", line 93: warning #169-D: argument of type "volatile unsigned char *" is incompatible with parameter of type "unsigned char *"
"../MS5837-30BA.c", line 136: warning #552-D: variable "Ti" was set but never used
"../MS5837-30BA.c", line 179: error #148: declaration is incompatible with "void PRESSURE_start_conversion()" (declared at line 12 of "..\MS5837-30BA.h")
"../MS5837-30BA.c", line 180: warning #225-D: function "read_conversion" declared implicitly
"../MS5837-30BA.c", line 181: warning #994-D: missing return statement at end of non-void function "PRESSURE_start_conversion"
1 error detected in the compilation of "../MS5837-30BA.c".
gmake: *** [MS5837-30BA.obj] Error 1
'Building file: ../main.c'
'Invoking: MSP430 Compiler'
"C:/ti/ccsv7/tools/compiler/ti-cgt-msp430_16.9.0.LTS/bin/cl430" -vmspx --data_model=restricted --use_hw_mpy=F5 --include_path="C:/ti/ccsv7/ccs_base/msp430/include" --include_path="C:/ti/ccsv7/tools/compiler/ti-cgt-msp430_16.9.0.LTS/include" --advice:power=all --define=__MSP430F5529__ -g --printf_support=minimal --diag_warning=225 --diag_wrap=off --display_error_number --silicon_errata=CPU21 --silicon_errata=CPU22 --silicon_errata=CPU23 --silicon_errata=CPU40 --preproc_with_compile --preproc_dependency="main.d"  "../main.c"

>> Compilation failure
subdir_rules.mk:30: recipe for target 'main.obj' failed
"..\typecast.h", line 31: warning #1-D: last line of file ends without a newline
"../main.c", line 17: warning #225-D: function "reset_sequence" declared implicitly
"../main.c", line 18: warning #225-D: function "read_factory_calibration" declared implicitly
"../main.c", line 22: warning #225-D: function "read_conversions" declared implicitly
"../main.c", line 26: warning #225-D: function "calculate_pressure" declared implicitly
"../main.c", line 28: error #20: identifier "P" is undefined
"../main.c", line 29: error #20: identifier "TEMP" is undefined
At end of source: error #68: expected a "}"
3 errors detected in the compilation of "../main.c".
gmake: *** [main.obj] Error 1
'Building file: ../General_JMP.c'
'Invoking: MSP430 Compiler'
"C:/ti/ccsv7/tools/compiler/ti-cgt-msp430_16.9.0.LTS/bin/cl430" -vmspx --data_model=restricted --use_hw_mpy=F5 --include_path="C:/ti/ccsv7/ccs_base/msp430/include" --include_path="C:/ti/ccsv7/tools/compiler/ti-cgt-msp430_16.9.0.LTS/include" --advice:power=all --define=__MSP430F5529__ -g --printf_support=minimal --diag_warning=225 --diag_wrap=off --display_error_number --silicon_errata=CPU21 --silicon_errata=CPU22 --silicon_errata=CPU23 --silicon_errata=CPU40 --preproc_with_compile --preproc_dependency="General_JMP.d"  "../General_JMP.c"
"../General_JMP.c", line 52: remark #1530-D: (ULP 5.1) Detected divide operation(s). Recommend moving them to RAM during run time or not using as these are processing/power intensive
"../General_JMP.c", line 230: remark #1543-D: (ULP 12.2) Detected for loop with repetitive data transfer. Recommend using DMA
"../General_JMP.c", line 231: remark #2553-D: (ULP 14.1) Array index (involving "i") of type "int". Recommend using "unsigned int"
"../General_JMP.c", line 232: remark #2553-D: (ULP 14.1) Array index (involving "i") of type "int". Recommend using "unsigned int"
"../General_JMP.c", line 232: remark #2553-D: (ULP 14.1) Array index (involving "j") of type "int". Recommend using "unsigned int"
"../General_JMP.c", line 233: remark #2553-D: (ULP 14.1) Array index (involving "j") of type "int". Recommend using "unsigned int"
"../General_JMP.c", line 254: remark #2553-D: (ULP 14.1) Array index (involving "i") of type "int". Recommend using "unsigned int"
"../General_JMP.c", line 254: remark #1530-D: (ULP 5.1) Detected modulo operation(s). Recommend moving them to RAM during run time or not using as these are processing/power intensive
"../General_JMP.c", line 255: remark #1530-D: (ULP 5.1) Detected divide operation(s). Recommend moving them to RAM during run time or not using as these are processing/power intensive
"../General_JMP.c", line 257: remark #2553-D: (ULP 14.1) Array index (involving "i") of type "int". Recommend using "unsigned int"
"../General_JMP.c", line 258: remark #2553-D: (ULP 14.1) Array index (involving "i") of type "int". Recommend using "unsigned int"
'Finished building: ../General_JMP.c'
' '
'Building file: ../Serial_JMP.c'
'Invoking: MSP430 Compiler'
"C:/ti/ccsv7/tools/compiler/ti-cgt-msp430_16.9.0.LTS/bin/cl430" -vmspx --data_model=restricted --use_hw_mpy=F5 --include_path="C:/ti/ccsv7/ccs_base/msp430/include" --include_path="C:/ti/ccsv7/tools/compiler/ti-cgt-msp430_16.9.0.LTS/include" --advice:power=all --define=__MSP430F5529__ -g --printf_support=minimal --diag_warning=225 --diag_wrap=off --display_error_number --silicon_errata=CPU21 --silicon_errata=CPU22 --silicon_errata=CPU23 --silicon_errata=CPU40 --preproc_with_compile --preproc_dependency="Serial_JMP.d"  "../Serial_JMP.c"
"../Serial_JMP.c", line 64: remark #1527-D: (ULP 2.1) Detected SW delay loop using __delay_cycles. Recommend using a timer module instead
"../Serial_JMP.c", line 77: remark #1528-D: (ULP 3.1) Detected flag polling using UCTXIFG. Recommend using an interrupt combined with enter LPMx and ISR
"../Serial_JMP.c", line 226: remark #1527-D: (ULP 2.1) Detected SW delay loop using __delay_cycles. Recommend using a timer module instead
"../Serial_JMP.c", line 239: remark #1528-D: (ULP 3.1) Detected flag polling using UCTXIFG. Recommend using an interrupt combined with enter LPMx and ISR
"../Serial_JMP.c", line 404: remark #1527-D: (ULP 2.1) Detected SW delay loop using empty loop. Recommend using a timer module instead
"../Serial_JMP.c", line 426: remark #1527-D: (ULP 2.1) Detected SW delay loop using empty loop. Recommend using a timer module instead
"../Serial_JMP.c", line 430: remark #1527-D: (ULP 2.1) Detected SW delay loop using empty loop. Recommend using a timer module instead
"../Serial_JMP.c", line 509: remark #1530-D: (ULP 5.1) Detected divide operation(s). Recommend moving them to RAM during run time or not using as these are processing/power intensive
'Finished building: ../Serial_JMP.c'
' '
gmake: Target 'all' not remade because of errors.

**** Build Finished ****

**** Clean-only build of configuration Debug for project Depth Controller Beta ****

"C:\\ti\\ccsv7\\utils\\bin\\gmake" -k -j 8 clean -O 
DEL /F  "Depth Controller Beta.hex"  "Depth Controller Beta.out" 
DEL /F "General_JMP.obj" "MS5837-30BA.obj" "Serial_JMP.obj" "main.obj" 
DEL /F "General_JMP.d" "MS5837-30BA.d" "Serial_JMP.d" "main.d" 
Could Not Find C:\Users\RathK\Dropbox\Rummarino\Rumarino-2016-2017\Depth Controller Beta\Debug\Depth Controller Beta.hex
'Finished clean'
' '

**** Build Finished ****

**** Build of configuration Debug for project Depth Controller Beta ****

"C:\\ti\\ccsv7\\utils\\bin\\gmake" -k -j 8 all -O 
'Building file: ../MS5837-30BA.c'
'Invoking: MSP430 Compiler'
"C:/ti/ccsv7/tools/compiler/ti-cgt-msp430_16.9.0.LTS/bin/cl430" -vmspx --data_model=restricted --use_hw_mpy=F5 --include_path="C:/ti/ccsv7/ccs_base/msp430/include" --include_path="C:/ti/ccsv7/tools/compiler/ti-cgt-msp430_16.9.0.LTS/include" --advice:power=all --define=__MSP430F5529__ -g --printf_support=minimal --diag_warning=225 --diag_wrap=off --display_error_number --silicon_errata=CPU21 --silicon_errata=CPU22 --silicon_errata=CPU23 --silicon_errata=CPU40 --preproc_with_compile --preproc_dependency="MS5837-30BA.d"  "../MS5837-30BA.c"

>> Compilation failure
subdir_rules.mk:16: recipe for target 'MS5837-30BA.obj' failed
"..\typecast.h", line 31: warning #1-D: last line of file ends without a newline
"../MS5837-30BA.c", line 61: remark #1527-D: (ULP 2.1) Detected SW delay loop using __delay_cycles. Recommend using a timer module instead
"../MS5837-30BA.c", line 72: warning #169-D: argument of type "volatile unsigned char *" is incompatible with parameter of type "unsigned char *"
"../MS5837-30BA.c", line 74: warning #169-D: argument of type "volatile unsigned char *" is incompatible with parameter of type "unsigned char *"
"../MS5837-30BA.c", line 76: warning #169-D: argument of type "volatile unsigned char *" is incompatible with parameter of type "unsigned char *"
"../MS5837-30BA.c", line 78: warning #169-D: argument of type "volatile unsigned char *" is incompatible with parameter of type "unsigned char *"
"../MS5837-30BA.c", line 80: warning #169-D: argument of type "volatile unsigned char *" is incompatible with parameter of type "unsigned char *"
"../MS5837-30BA.c", line 82: warning #169-D: argument of type "volatile unsigned char *" is incompatible with parameter of type "unsigned char *"
"../MS5837-30BA.c", line 89: warning #169-D: argument of type "volatile unsigned char *" is incompatible with parameter of type "unsigned char *"
"../MS5837-30BA.c", line 93: warning #169-D: argument of type "volatile unsigned char *" is incompatible with parameter of type "unsigned char *"
"../MS5837-30BA.c", line 136: warning #552-D: variable "Ti" was set but never used
"../MS5837-30BA.c", line 179: error #148: declaration is incompatible with "void PRESSURE_start_conversion()" (declared at line 12 of "..\MS5837-30BA.h")
"../MS5837-30BA.c", line 180: warning #225-D: function "read_conversion" declared implicitly
"../MS5837-30BA.c", line 181: warning #994-D: missing return statement at end of non-void function "PRESSURE_start_conversion"
1 error detected in the compilation of "../MS5837-30BA.c".
gmake: *** [MS5837-30BA.obj] Error 1
'Building file: ../General_JMP.c'
'Invoking: MSP430 Compiler'
"C:/ti/ccsv7/tools/compiler/ti-cgt-msp430_16.9.0.LTS/bin/cl430" -vmspx --data_model=restricted --use_hw_mpy=F5 --include_path="C:/ti/ccsv7/ccs_base/msp430/include" --include_path="C:/ti/ccsv7/tools/compiler/ti-cgt-msp430_16.9.0.LTS/include" --advice:power=all --define=__MSP430F5529__ -g --printf_support=minimal --diag_warning=225 --diag_wrap=off --display_error_number --silicon_errata=CPU21 --silicon_errata=CPU22 --silicon_errata=CPU23 --silicon_errata=CPU40 --preproc_with_compile --preproc_dependency="General_JMP.d"  "../General_JMP.c"
"../General_JMP.c", line 52: remark #1530-D: (ULP 5.1) Detected divide operation(s). Recommend moving them to RAM during run time or not using as these are processing/power intensive
"../General_JMP.c", line 230: remark #1543-D: (ULP 12.2) Detected for loop with repetitive data transfer. Recommend using DMA
"../General_JMP.c", line 231: remark #2553-D: (ULP 14.1) Array index (involving "i") of type "int". Recommend using "unsigned int"
"../General_JMP.c", line 232: remark #2553-D: (ULP 14.1) Array index (involving "i") of type "int". Recommend using "unsigned int"
"../General_JMP.c", line 232: remark #2553-D: (ULP 14.1) Array index (involving "j") of type "int". Recommend using "unsigned int"
"../General_JMP.c", line 233: remark #2553-D: (ULP 14.1) Array index (involving "j") of type "int". Recommend using "unsigned int"
"../General_JMP.c", line 254: remark #2553-D: (ULP 14.1) Array index (involving "i") of type "int". Recommend using "unsigned int"
"../General_JMP.c", line 254: remark #1530-D: (ULP 5.1) Detected modulo operation(s). Recommend moving them to RAM during run time or not using as these are processing/power intensive
"../General_JMP.c", line 255: remark #1530-D: (ULP 5.1) Detected divide operation(s). Recommend moving them to RAM during run time or not using as these are processing/power intensive
"../General_JMP.c", line 257: remark #2553-D: (ULP 14.1) Array index (involving "i") of type "int". Recommend using "unsigned int"
"../General_JMP.c", line 258: remark #2553-D: (ULP 14.1) Array index (involving "i") of type "int". Recommend using "unsigned int"
'Finished building: ../General_JMP.c'
' '
'Building file: ../Serial_JMP.c'
'Invoking: MSP430 Compiler'
"C:/ti/ccsv7/tools/compiler/ti-cgt-msp430_16.9.0.LTS/bin/cl430" -vmspx --data_model=restricted --use_hw_mpy=F5 --include_path="C:/ti/ccsv7/ccs_base/msp430/include" --include_path="C:/ti/ccsv7/tools/compiler/ti-cgt-msp430_16.9.0.LTS/include" --advice:power=all --define=__MSP430F5529__ -g --printf_support=minimal --diag_warning=225 --diag_wrap=off --display_error_number --silicon_errata=CPU21 --silicon_errata=CPU22 --silicon_errata=CPU23 --silicon_errata=CPU40 --preproc_with_compile --preproc_dependency="Serial_JMP.d"  "../Serial_JMP.c"
"../Serial_JMP.c", line 64: remark #1527-D: (ULP 2.1) Detected SW delay loop using __delay_cycles. Recommend using a timer module instead
"../Serial_JMP.c", line 77: remark #1528-D: (ULP 3.1) Detected flag polling using UCTXIFG. Recommend using an interrupt combined with enter LPMx and ISR
"../Serial_JMP.c", line 226: remark #1527-D: (ULP 2.1) Detected SW delay loop using __delay_cycles. Recommend using a timer module instead
"../Serial_JMP.c", line 239: remark #1528-D: (ULP 3.1) Detected flag polling using UCTXIFG. Recommend using an interrupt combined with enter LPMx and ISR
"../Serial_JMP.c", line 404: remark #1527-D: (ULP 2.1) Detected SW delay loop using empty loop. Recommend using a timer module instead
"../Serial_JMP.c", line 426: remark #1527-D: (ULP 2.1) Detected SW delay loop using empty loop. Recommend using a timer module instead
"../Serial_JMP.c", line 430: remark #1527-D: (ULP 2.1) Detected SW delay loop using empty loop. Recommend using a timer module instead
"../Serial_JMP.c", line 509: remark #1530-D: (ULP 5.1) Detected divide operation(s). Recommend moving them to RAM during run time or not using as these are processing/power intensive
'Finished building: ../Serial_JMP.c'
' '
gmake: Target 'all' not remade because of errors.

**** Build Finished ****

**** Build of configuration Debug for project Depth Controller Beta ****

"C:\\ti\\ccsv7\\utils\\bin\\gmake" -k -j 8 all -O 
'Building file: ../MS5837-30BA.c'
'Invoking: MSP430 Compiler'
"C:/ti/ccsv7/tools/compiler/ti-cgt-msp430_16.9.0.LTS/bin/cl430" -vmspx --data_model=restricted --use_hw_mpy=F5 --include_path="C:/ti/ccsv7/ccs_base/msp430/include" --include_path="C:/ti/ccsv7/tools/compiler/ti-cgt-msp430_16.9.0.LTS/include" --advice:power=all --define=__MSP430F5529__ -g --printf_support=minimal --diag_warning=225 --diag_wrap=off --display_error_number --silicon_errata=CPU21 --silicon_errata=CPU22 --silicon_errata=CPU23 --silicon_errata=CPU40 --preproc_with_compile --preproc_dependency="MS5837-30BA.d"  "../MS5837-30BA.c"
"..\typecast.h", line 31: warning #1-D: last line of file ends without a newline
"../MS5837-30BA.c", line 61: remark #1527-D: (ULP 2.1) Detected SW delay loop using __delay_cycles. Recommend using a timer module instead
"../MS5837-30BA.c", line 72: warning #169-D: argument of type "volatile unsigned char *" is incompatible with parameter of type "unsigned char *"
"../MS5837-30BA.c", line 74: warning #169-D: argument of type "volatile unsigned char *" is incompatible with parameter of type "unsigned char *"
"../MS5837-30BA.c", line 76: warning #169-D: argument of type "volatile unsigned char *" is incompatible with parameter of type "unsigned char *"
"../MS5837-30BA.c", line 78: warning #169-D: argument of type "volatile unsigned char *" is incompatible with parameter of type "unsigned char *"
"../MS5837-30BA.c", line 80: warning #169-D: argument of type "volatile unsigned char *" is incompatible with parameter of type "unsigned char *"
"../MS5837-30BA.c", line 82: warning #169-D: argument of type "volatile unsigned char *" is incompatible with parameter of type "unsigned char *"
"../MS5837-30BA.c", line 89: warning #169-D: argument of type "volatile unsigned char *" is incompatible with parameter of type "unsigned char *"
"../MS5837-30BA.c", line 93: warning #169-D: argument of type "volatile unsigned char *" is incompatible with parameter of type "unsigned char *"
"../MS5837-30BA.c", line 136: warning #552-D: variable "Ti" was set but never used
"../MS5837-30BA.c", line 180: warning #225-D: function "read_conversion" declared implicitly
'Finished building: ../MS5837-30BA.c'
' '
'Building target: Depth Controller Beta.out'
'Invoking: MSP430 Linker'
"C:/ti/ccsv7/tools/compiler/ti-cgt-msp430_16.9.0.LTS/bin/cl430" -vmspx --data_model=restricted --use_hw_mpy=F5 --advice:power=all --define=__MSP430F5529__ -g --printf_support=minimal --diag_warning=225 --diag_wrap=off --display_error_number --silicon_errata=CPU21 --silicon_errata=CPU22 --silicon_errata=CPU23 --silicon_errata=CPU40 -z -m"Depth Controller Beta.map" --heap_size=160 --stack_size=160 --cinit_hold_wdt=on -i"C:/ti/ccsv7/ccs_base/msp430/include" -i"C:/ti/ccsv7/ccs_base/msp430/lib/5xx_6xx_FRxx" -i"C:/ti/ccsv7/tools/compiler/ti-cgt-msp430_16.9.0.LTS/lib" -i"C:/ti/ccsv7/tools/compiler/ti-cgt-msp430_16.9.0.LTS/include" --reread_libs --diag_wrap=off --display_error_number --warn_sections --xml_link_info="Depth Controller Beta_linkInfo.xml" --use_hw_mpy=F5 --rom_model -o "Depth Controller Beta.out" "./General_JMP.obj" "./MS5837-30BA.obj" "./Serial_JMP.obj" "../lnk_msp430f5529.cmd"  -llibmath.a -llibc.a 
<Linking>
remark #10372-D: (ULP 4.1) Detected uninitialized Port A in this project. Recommend initializing all unused ports to eliminate wasted current consumption on unused pins.
remark #10372-D: (ULP 4.1) Detected uninitialized Port C in this project. Recommend initializing all unused ports to eliminate wasted current consumption on unused pins.
remark #10372-D: (ULP 4.1) Detected uninitialized Port D in this project. Recommend initializing all unused ports to eliminate wasted current consumption on unused pins.
'Finished building target: Depth Controller Beta.out'
' '

**** Build Finished ****

**** Build of configuration Debug for project Depth Controller Beta ****

"C:\\ti\\ccsv7\\utils\\bin\\gmake" -k -j 8 all -O 
gmake[1]: 'Depth Controller Beta.out' is up to date.

**** Build Finished ****

**** Build of configuration Debug for project Depth Controller Beta ****

"C:\\ti\\ccsv7\\utils\\bin\\gmake" -k -j 8 all -O 
'Building file: ../MS5837-30BA.c'
'Invoking: MSP430 Compiler'
"C:/ti/ccsv7/tools/compiler/ti-cgt-msp430_16.9.0.LTS/bin/cl430" -vmspx --data_model=restricted --use_hw_mpy=F5 --include_path="C:/ti/ccsv7/ccs_base/msp430/include" --include_path="C:/ti/ccsv7/tools/compiler/ti-cgt-msp430_16.9.0.LTS/include" --advice:power=all --define=__MSP430F5529__ -g --printf_support=minimal --diag_warning=225 --diag_wrap=off --display_error_number --silicon_errata=CPU21 --silicon_errata=CPU22 --silicon_errata=CPU23 --silicon_errata=CPU40 --preproc_with_compile --preproc_dependency="MS5837-30BA.d"  "../MS5837-30BA.c"
"..\typecast.h", line 31: warning #1-D: last line of file ends without a newline
"../MS5837-30BA.c", line 61: remark #1527-D: (ULP 2.1) Detected SW delay loop using __delay_cycles. Recommend using a timer module instead
"../MS5837-30BA.c", line 136: warning #552-D: variable "Ti" was set but never used
"../MS5837-30BA.c", line 180: warning #225-D: function "read_conversion" declared implicitly
'Finished building: ../MS5837-30BA.c'
' '
'Building target: Depth Controller Beta.out'
'Invoking: MSP430 Linker'
"C:/ti/ccsv7/tools/compiler/ti-cgt-msp430_16.9.0.LTS/bin/cl430" -vmspx --data_model=restricted --use_hw_mpy=F5 --advice:power=all --define=__MSP430F5529__ -g --printf_support=minimal --diag_warning=225 --diag_wrap=off --display_error_number --silicon_errata=CPU21 --silicon_errata=CPU22 --silicon_errata=CPU23 --silicon_errata=CPU40 -z -m"Depth Controller Beta.map" --heap_size=160 --stack_size=160 --cinit_hold_wdt=on -i"C:/ti/ccsv7/ccs_base/msp430/include" -i"C:/ti/ccsv7/ccs_base/msp430/lib/5xx_6xx_FRxx" -i"C:/ti/ccsv7/tools/compiler/ti-cgt-msp430_16.9.0.LTS/lib" -i"C:/ti/ccsv7/tools/compiler/ti-cgt-msp430_16.9.0.LTS/include" --reread_libs --diag_wrap=off --display_error_number --warn_sections --xml_link_info="Depth Controller Beta_linkInfo.xml" --use_hw_mpy=F5 --rom_model -o "Depth Controller Beta.out" "./General_JMP.obj" "./MS5837-30BA.obj" "./Serial_JMP.obj" "../lnk_msp430f5529.cmd"  -llibmath.a -llibc.a 
<Linking>
remark #10372-D: (ULP 4.1) Detected uninitialized Port A in this project. Recommend initializing all unused ports to eliminate wasted current consumption on unused pins.
remark #10372-D: (ULP 4.1) Detected uninitialized Port C in this project. Recommend initializing all unused ports to eliminate wasted current consumption on unused pins.
remark #10372-D: (ULP 4.1) Detected uninitialized Port D in this project. Recommend initializing all unused ports to eliminate wasted current consumption on unused pins.
'Finished building target: Depth Controller Beta.out'
' '

**** Build Finished ****

**** Build of configuration Debug for project Depth Controller Beta ****

"C:\\ti\\ccsv7\\utils\\bin\\gmake" -k -j 8 all -O 
'Building file: ../MS5837-30BA.c'
'Invoking: MSP430 Compiler'
"C:/ti/ccsv7/tools/compiler/ti-cgt-msp430_16.9.0.LTS/bin/cl430" -vmspx --data_model=restricted --use_hw_mpy=F5 --include_path="C:/ti/ccsv7/ccs_base/msp430/include" --include_path="C:/ti/ccsv7/tools/compiler/ti-cgt-msp430_16.9.0.LTS/include" --advice:power=all --define=__MSP430F5529__ -g --printf_support=minimal --diag_warning=225 --diag_wrap=off --display_error_number --silicon_errata=CPU21 --silicon_errata=CPU22 --silicon_errata=CPU23 --silicon_errata=CPU40 --preproc_with_compile --preproc_dependency="MS5837-30BA.d"  "../MS5837-30BA.c"

>> Compilation failure
subdir_rules.mk:16: recipe for target 'MS5837-30BA.obj' failed
"..\typecast.h", line 31: warning #1-D: last line of file ends without a newline
"../MS5837-30BA.c", line 61: remark #1527-D: (ULP 2.1) Detected SW delay loop using __delay_cycles. Recommend using a timer module instead
"../MS5837-30BA.c", line 142: error #20: identifier "Ti" is undefined
"../MS5837-30BA.c", line 150: error #20: identifier "Ti" is undefined
2 errors detected in the compilation of "../MS5837-30BA.c".
gmake: *** [MS5837-30BA.obj] Error 1
gmake: Target 'all' not remade because of errors.

**** Build Finished ****

**** Build of configuration Debug for project Depth Controller Beta ****

"C:\\ti\\ccsv7\\utils\\bin\\gmake" -k -j 8 all -O 
'Building file: ../MS5837-30BA.c'
'Invoking: MSP430 Compiler'
"C:/ti/ccsv7/tools/compiler/ti-cgt-msp430_16.9.0.LTS/bin/cl430" -vmspx --data_model=restricted --use_hw_mpy=F5 --include_path="C:/ti/ccsv7/ccs_base/msp430/include" --include_path="C:/ti/ccsv7/tools/compiler/ti-cgt-msp430_16.9.0.LTS/include" --advice:power=all --define=__MSP430F5529__ -g --printf_support=minimal --diag_warning=225 --diag_wrap=off --display_error_number --silicon_errata=CPU21 --silicon_errata=CPU22 --silicon_errata=CPU23 --silicon_errata=CPU40 --preproc_with_compile --preproc_dependency="MS5837-30BA.d"  "../MS5837-30BA.c"
"..\typecast.h", line 31: warning #1-D: last line of file ends without a newline
"../MS5837-30BA.c", line 61: remark #1527-D: (ULP 2.1) Detected SW delay loop using __delay_cycles. Recommend using a timer module instead
"../MS5837-30BA.c", line 136: warning #552-D: variable "Ti" was set but never used
'Finished building: ../MS5837-30BA.c'
' '
'Building target: Depth Controller Beta.out'
'Invoking: MSP430 Linker'
"C:/ti/ccsv7/tools/compiler/ti-cgt-msp430_16.9.0.LTS/bin/cl430" -vmspx --data_model=restricted --use_hw_mpy=F5 --advice:power=all --define=__MSP430F5529__ -g --printf_support=minimal --diag_warning=225 --diag_wrap=off --display_error_number --silicon_errata=CPU21 --silicon_errata=CPU22 --silicon_errata=CPU23 --silicon_errata=CPU40 -z -m"Depth Controller Beta.map" --heap_size=160 --stack_size=160 --cinit_hold_wdt=on -i"C:/ti/ccsv7/ccs_base/msp430/include" -i"C:/ti/ccsv7/ccs_base/msp430/lib/5xx_6xx_FRxx" -i"C:/ti/ccsv7/tools/compiler/ti-cgt-msp430_16.9.0.LTS/lib" -i"C:/ti/ccsv7/tools/compiler/ti-cgt-msp430_16.9.0.LTS/include" --reread_libs --diag_wrap=off --display_error_number --warn_sections --xml_link_info="Depth Controller Beta_linkInfo.xml" --use_hw_mpy=F5 --rom_model -o "Depth Controller Beta.out" "./General_JMP.obj" "./MS5837-30BA.obj" "./Serial_JMP.obj" "../lnk_msp430f5529.cmd"  -llibmath.a -llibc.a 
<Linking>
remark #10372-D: (ULP 4.1) Detected uninitialized Port A in this project. Recommend initializing all unused ports to eliminate wasted current consumption on unused pins.
remark #10372-D: (ULP 4.1) Detected uninitialized Port C in this project. Recommend initializing all unused ports to eliminate wasted current consumption on unused pins.
remark #10372-D: (ULP 4.1) Detected uninitialized Port D in this project. Recommend initializing all unused ports to eliminate wasted current consumption on unused pins.
'Finished building target: Depth Controller Beta.out'
' '

**** Build Finished ****

**** Build of configuration Debug for project Full Motor Controller Beta ****

"C:\\ti\\ccsv7\\utils\\bin\\gmake" -k all 
gmake: Nothing to be done for 'all'.

**** Build Finished ****
