
**** Build of configuration Debug for project Omars baby v1.0 ****

"C:\\ti\\ccsv6\\utils\\bin\\gmake" -k -j 8 all -O 
'Building file: ../Motors_JMP.c'
'Invoking: MSP430 Compiler'
"C:/ti/ccsv6/tools/compiler/ti-cgt-msp430_16.9.2.LTS/bin/cl430" -vmspx --data_model=restricted --use_hw_mpy=F5 --include_path="C:/ti/ccsv6/ccs_base/msp430/include" --include_path="C:/ti/ccsv6/tools/compiler/ti-cgt-msp430_16.9.2.LTS/include" --advice:power=all --define=__MSP430F5529__ -g --printf_support=minimal --diag_warning=225 --diag_wrap=off --display_error_number --silicon_errata=CPU21 --silicon_errata=CPU22 --silicon_errata=CPU23 --silicon_errata=CPU40 --preproc_with_compile --preproc_dependency="Motors_JMP.d"  "../Motors_JMP.c"
"../Motors_JMP.c", line 156: remark #1530-D: (ULP 5.1) Detected divide operation(s). Recommend moving them to RAM during run time or not using as these are processing/power intensive
'Finished building: ../Motors_JMP.c'
' '
'Building file: ../main.c'
'Invoking: MSP430 Compiler'
"C:/ti/ccsv6/tools/compiler/ti-cgt-msp430_16.9.2.LTS/bin/cl430" -vmspx --data_model=restricted --use_hw_mpy=F5 --include_path="C:/ti/ccsv6/ccs_base/msp430/include" --include_path="C:/ti/ccsv6/tools/compiler/ti-cgt-msp430_16.9.2.LTS/include" --advice:power=all --define=__MSP430F5529__ -g --printf_support=minimal --diag_warning=225 --diag_wrap=off --display_error_number --silicon_errata=CPU21 --silicon_errata=CPU22 --silicon_errata=CPU23 --silicon_errata=CPU40 --preproc_with_compile --preproc_dependency="main.d"  "../main.c"
"../main.c", line 159: warning #225-D: function "__delay_cycle" declared implicitly
"../main.c", line 105: remark #1530-D: (ULP 5.1) Detected divide operation(s). Recommend moving them to RAM during run time or not using as these are processing/power intensive
"../main.c", line 104 (col. 14): remark #1531-D: (ULP 5.2) Detected floating point operation(s). Recommend moving them to RAM during run time or not using as these are processing/power intensive
"../main.c", line 105 (col. 22): remark #1531-D: (ULP 5.2) Detected floating point operation(s). Recommend moving them to RAM during run time or not using as these are processing/power intensive
"../main.c", line 106 (col. 26): remark #1531-D: (ULP 5.2) Detected floating point operation(s). Recommend moving them to RAM during run time or not using as these are processing/power intensive
"../main.c", line 107 (col. 22): remark #1531-D: (ULP 5.2) Detected floating point operation(s). Recommend moving them to RAM during run time or not using as these are processing/power intensive
"../main.c", line 108 (col. 21): remark #1531-D: (ULP 5.2) Detected floating point operation(s). Recommend moving them to RAM during run time or not using as these are processing/power intensive
"../main.c", line 114 (col. 10): remark #1531-D: (ULP 5.2) Detected floating point operation(s). Recommend moving them to RAM during run time or not using as these are processing/power intensive
"../main.c", line 120 (col. 11): remark #1531-D: (ULP 5.2) Detected floating point operation(s). Recommend moving them to RAM during run time or not using as these are processing/power intensive
"../main.c", line 124 (col. 12): remark #1531-D: (ULP 5.2) Detected floating point operation(s). Recommend moving them to RAM during run time or not using as these are processing/power intensive
"../main.c", line 126 (col. 15): remark #1531-D: (ULP 5.2) Detected floating point operation(s). Recommend moving them to RAM during run time or not using as these are processing/power intensive
"../main.c", line 127 (col. 15): remark #1531-D: (ULP 5.2) Detected floating point operation(s). Recommend moving them to RAM during run time or not using as these are processing/power intensive
"../main.c", line 128 (col. 15): remark #1531-D: (ULP 5.2) Detected floating point operation(s). Recommend moving them to RAM during run time or not using as these are processing/power intensive
"../main.c", line 129 (col. 15): remark #1531-D: (ULP 5.2) Detected floating point operation(s). Recommend moving them to RAM during run time or not using as these are processing/power intensive
'Finished building: ../main.c'
' '
'Building file: ../General_JMP.c'
'Invoking: MSP430 Compiler'
"C:/ti/ccsv6/tools/compiler/ti-cgt-msp430_16.9.2.LTS/bin/cl430" -vmspx --data_model=restricted --use_hw_mpy=F5 --include_path="C:/ti/ccsv6/ccs_base/msp430/include" --include_path="C:/ti/ccsv6/tools/compiler/ti-cgt-msp430_16.9.2.LTS/include" --advice:power=all --define=__MSP430F5529__ -g --printf_support=minimal --diag_warning=225 --diag_wrap=off --display_error_number --silicon_errata=CPU21 --silicon_errata=CPU22 --silicon_errata=CPU23 --silicon_errata=CPU40 --preproc_with_compile --preproc_dependency="General_JMP.d"  "../General_JMP.c"
"../General_JMP.c", line 53: remark #1530-D: (ULP 5.1) Detected divide operation(s). Recommend moving them to RAM during run time or not using as these are processing/power intensive
"../General_JMP.c", line 233: remark #1543-D: (ULP 12.2) Detected for loop with repetitive data transfer. Recommend using DMA
"../General_JMP.c", line 234: remark #2553-D: (ULP 14.1) Array index (involving "i") of type "int". Recommend using "unsigned int"
"../General_JMP.c", line 235: remark #2553-D: (ULP 14.1) Array index (involving "i") of type "int". Recommend using "unsigned int"
"../General_JMP.c", line 235: remark #2553-D: (ULP 14.1) Array index (involving "j") of type "int". Recommend using "unsigned int"
"../General_JMP.c", line 236: remark #2553-D: (ULP 14.1) Array index (involving "j") of type "int". Recommend using "unsigned int"
"../General_JMP.c", line 257: remark #2553-D: (ULP 14.1) Array index (involving "i") of type "int". Recommend using "unsigned int"
"../General_JMP.c", line 257: remark #1530-D: (ULP 5.1) Detected modulo operation(s). Recommend moving them to RAM during run time or not using as these are processing/power intensive
"../General_JMP.c", line 258: remark #1530-D: (ULP 5.1) Detected divide operation(s). Recommend moving them to RAM during run time or not using as these are processing/power intensive
"../General_JMP.c", line 260: remark #2553-D: (ULP 14.1) Array index (involving "i") of type "int". Recommend using "unsigned int"
"../General_JMP.c", line 261: remark #2553-D: (ULP 14.1) Array index (involving "i") of type "int". Recommend using "unsigned int"
'Finished building: ../General_JMP.c'
' '
'Building file: ../MS5837-30BA.c'
'Invoking: MSP430 Compiler'
"C:/ti/ccsv6/tools/compiler/ti-cgt-msp430_16.9.2.LTS/bin/cl430" -vmspx --data_model=restricted --use_hw_mpy=F5 --include_path="C:/ti/ccsv6/ccs_base/msp430/include" --include_path="C:/ti/ccsv6/tools/compiler/ti-cgt-msp430_16.9.2.LTS/include" --advice:power=all --define=__MSP430F5529__ -g --printf_support=minimal --diag_warning=225 --diag_wrap=off --display_error_number --silicon_errata=CPU21 --silicon_errata=CPU22 --silicon_errata=CPU23 --silicon_errata=CPU40 --preproc_with_compile --preproc_dependency="MS5837-30BA.d"  "../MS5837-30BA.c"
"../MS5837-30BA.c", line 61: remark #1527-D: (ULP 2.1) Detected SW delay loop using __delay_cycles. Recommend using a timer module instead
"../MS5837-30BA.c", line 88: remark #1527-D: (ULP 2.1) Detected SW delay loop using __delay_cycles. Recommend using a timer module instead
"../MS5837-30BA.c", line 92: remark #1527-D: (ULP 2.1) Detected SW delay loop using __delay_cycles. Recommend using a timer module instead
"../MS5837-30BA.c", line 136: warning #552-D: variable "Ti" was set but never used
'Finished building: ../MS5837-30BA.c'
' '
'Building file: ../Serial_JMP.c'
'Invoking: MSP430 Compiler'
"C:/ti/ccsv6/tools/compiler/ti-cgt-msp430_16.9.2.LTS/bin/cl430" -vmspx --data_model=restricted --use_hw_mpy=F5 --include_path="C:/ti/ccsv6/ccs_base/msp430/include" --include_path="C:/ti/ccsv6/tools/compiler/ti-cgt-msp430_16.9.2.LTS/include" --advice:power=all --define=__MSP430F5529__ -g --printf_support=minimal --diag_warning=225 --diag_wrap=off --display_error_number --silicon_errata=CPU21 --silicon_errata=CPU22 --silicon_errata=CPU23 --silicon_errata=CPU40 --preproc_with_compile --preproc_dependency="Serial_JMP.d"  "../Serial_JMP.c"
"../Serial_JMP.c", line 66: remark #1527-D: (ULP 2.1) Detected SW delay loop using __delay_cycles. Recommend using a timer module instead
"../Serial_JMP.c", line 79: remark #1528-D: (ULP 3.1) Detected flag polling using UCTXIFG. Recommend using an interrupt combined with enter LPMx and ISR
"../Serial_JMP.c", line 249: remark #1527-D: (ULP 2.1) Detected SW delay loop using __delay_cycles. Recommend using a timer module instead
"../Serial_JMP.c", line 262: remark #1528-D: (ULP 3.1) Detected flag polling using UCTXIFG. Recommend using an interrupt combined with enter LPMx and ISR
"../Serial_JMP.c", line 447: remark #1527-D: (ULP 2.1) Detected SW delay loop using empty loop. Recommend using a timer module instead
"../Serial_JMP.c", line 469: remark #1527-D: (ULP 2.1) Detected SW delay loop using empty loop. Recommend using a timer module instead
"../Serial_JMP.c", line 473: remark #1527-D: (ULP 2.1) Detected SW delay loop using empty loop. Recommend using a timer module instead
'Finished building: ../Serial_JMP.c'
' '
'Building target: Omars baby v1.0.out'
'Invoking: MSP430 Linker'
"C:/ti/ccsv6/tools/compiler/ti-cgt-msp430_16.9.2.LTS/bin/cl430" -vmspx --data_model=restricted --use_hw_mpy=F5 --advice:power=all --define=__MSP430F5529__ -g --printf_support=minimal --diag_warning=225 --diag_wrap=off --display_error_number --silicon_errata=CPU21 --silicon_errata=CPU22 --silicon_errata=CPU23 --silicon_errata=CPU40 -z -m"Omars baby v1.0.map" --heap_size=160 --stack_size=160 --cinit_hold_wdt=on -i"C:/ti/ccsv6/ccs_base/msp430/include" -i"C:/ti/ccsv6/ccs_base/msp430/lib/5xx_6xx_FRxx" -i"C:/ti/ccsv6/tools/compiler/ti-cgt-msp430_16.9.2.LTS/lib" -i"C:/ti/ccsv6/tools/compiler/ti-cgt-msp430_16.9.2.LTS/include" --reread_libs --diag_wrap=off --display_error_number --warn_sections --xml_link_info="Omars baby v1.0_linkInfo.xml" --use_hw_mpy=F5 --rom_model -o "Omars baby v1.0.out" "./General_JMP.obj" "./MS5837-30BA.obj" "./Motors_JMP.obj" "./Serial_JMP.obj" "./main.obj" "../lnk_msp430f5529.cmd"  -llibmath.a -llibc.a 
<Linking>

remark #10372-D: (ULP 4.1) Detected uninitialized Port C in this project. Recommend initializing all unused ports to eliminate wasted current consumption on unused pins.
 undefined     first referenced
remark #10372-D: (ULP 4.1) Detected uninitialized Port D in this project. Recommend initializing all unused ports to eliminate wasted current consumption on unused pins.

>> Compilation failure
makefile:146: recipe for target 'Omars baby v1.0.out' failed
  symbol           in file     
 ---------     ----------------
 __delay_cycle ./main.obj      

error #10234-D: unresolved symbols remain
error #10010: errors encountered during linking; "Omars baby v1.0.out" not built
gmake[1]: *** [Omars baby v1.0.out] Error 1
gmake: *** [all] Error 2
makefile:142: recipe for target 'all' failed

**** Build Finished ****
